2015-11-29 17:45:07,065 - requests_oauthlib.oauth1_auth - DEBUG - Signing request <PreparedRequest [POST]> using client <Client nonce=None, signature_method=HMAC-SHA1, realm=None, encoding=utf-8, timestamp=None, resource_owner_secret=****, decoding=None, verifier=None, signature_type=AUTH_HEADER, rsa_key=None, resource_owner_key=149939938-Meyglx1MDT9XQZttB2bSyVrcVtGlBtiZwI4Ct77E, client_secret=****, callback_uri=None, client_key=7zKulgQh8LNKDk6uv95LGJU9l>
2015-11-29 17:45:07,065 - requests_oauthlib.oauth1_auth - DEBUG - Including body in call to sign: True
2015-11-29 17:45:07,066 - oauthlib.oauth1.rfc5849 - DEBUG - Collected params: [(u'delimited', u'length'), (u'oauth_nonce', u'152434203673176906791448779507'), (u'oauth_timestamp', u'1448779507'), (u'oauth_consumer_key', u'7zKulgQh8LNKDk6uv95LGJU9l'), (u'oauth_signature_method', u'HMAC-SHA1'), (u'oauth_version', u'1.0'), (u'oauth_token', u'149939938-Meyglx1MDT9XQZttB2bSyVrcVtGlBtiZwI4Ct77E'), (u'track', u'a,the,i,you,u'), (u'language', u'en')]
2015-11-29 17:45:07,066 - oauthlib.oauth1.rfc5849 - DEBUG - Normalized params: delimited=length&language=en&oauth_consumer_key=7zKulgQh8LNKDk6uv95LGJU9l&oauth_nonce=152434203673176906791448779507&oauth_signature_method=HMAC-SHA1&oauth_timestamp=1448779507&oauth_token=149939938-Meyglx1MDT9XQZttB2bSyVrcVtGlBtiZwI4Ct77E&oauth_version=1.0&track=a%2Cthe%2Ci%2Cyou%2Cu
2015-11-29 17:45:07,066 - oauthlib.oauth1.rfc5849 - DEBUG - Normalized URI: https://stream.twitter.com/1.1/statuses/filter.json
2015-11-29 17:45:07,066 - oauthlib.oauth1.rfc5849 - DEBUG - Base signing string: POST&https%3A%2F%2Fstream.twitter.com%2F1.1%2Fstatuses%2Ffilter.json&delimited%3Dlength%26language%3Den%26oauth_consumer_key%3D7zKulgQh8LNKDk6uv95LGJU9l%26oauth_nonce%3D152434203673176906791448779507%26oauth_signature_method%3DHMAC-SHA1%26oauth_timestamp%3D1448779507%26oauth_token%3D149939938-Meyglx1MDT9XQZttB2bSyVrcVtGlBtiZwI4Ct77E%26oauth_version%3D1.0%26track%3Da%252Cthe%252Ci%252Cyou%252Cu
2015-11-29 17:45:07,067 - oauthlib.oauth1.rfc5849 - DEBUG - Signature: axuX8REtahOMl1WqJnB6DZYzLPQ=
2015-11-29 17:45:07,067 - requests_oauthlib.oauth1_auth - DEBUG - Updated url: https://stream.twitter.com/1.1/statuses/filter.json?delimited=length
2015-11-29 17:45:07,067 - requests_oauthlib.oauth1_auth - DEBUG - Updated headers: {u'Content-Length': u'39', u'Content-Type': u'application/x-www-form-urlencoded', u'Authorization': u'OAuth oauth_nonce="152434203673176906791448779507", oauth_timestamp="1448779507", oauth_version="1.0", oauth_signature_method="HMAC-SHA1", oauth_consumer_key="7zKulgQh8LNKDk6uv95LGJU9l", oauth_token="149939938-Meyglx1MDT9XQZttB2bSyVrcVtGlBtiZwI4Ct77E", oauth_signature="axuX8REtahOMl1WqJnB6DZYzLPQ%3D"'}
2015-11-29 17:45:07,067 - requests_oauthlib.oauth1_auth - DEBUG - Updated body: u'track=a%2Cthe%2Ci%2Cyou%2Cu&language=en'
2015-11-29 17:45:07,068 - requests.packages.urllib3.connectionpool - INFO - Starting new HTTPS connection (1): stream.twitter.com
2015-11-29 17:45:08,654 - requests.packages.urllib3.connectionpool - DEBUG - "POST /1.1/statuses/filter.json?delimited=length HTTP/1.1" 420 36
2015-11-29 17:46:08,695 - requests_oauthlib.oauth1_auth - DEBUG - Signing request <PreparedRequest [POST]> using client <Client nonce=None, signature_method=HMAC-SHA1, realm=None, encoding=utf-8, timestamp=None, resource_owner_secret=****, decoding=None, verifier=None, signature_type=AUTH_HEADER, rsa_key=None, resource_owner_key=149939938-Meyglx1MDT9XQZttB2bSyVrcVtGlBtiZwI4Ct77E, client_secret=****, callback_uri=None, client_key=7zKulgQh8LNKDk6uv95LGJU9l>
2015-11-29 17:46:08,696 - requests_oauthlib.oauth1_auth - DEBUG - Including body in call to sign: True
2015-11-29 17:46:08,697 - oauthlib.oauth1.rfc5849 - DEBUG - Collected params: [(u'delimited', u'length'), (u'oauth_nonce', u'156025192157431168791448779568'), (u'oauth_timestamp', u'1448779568'), (u'oauth_consumer_key', u'7zKulgQh8LNKDk6uv95LGJU9l'), (u'oauth_signature_method', u'HMAC-SHA1'), (u'oauth_version', u'1.0'), (u'oauth_token', u'149939938-Meyglx1MDT9XQZttB2bSyVrcVtGlBtiZwI4Ct77E'), (u'track', u'a,the,i,you,u'), (u'language', u'en')]
2015-11-29 17:46:08,698 - oauthlib.oauth1.rfc5849 - DEBUG - Normalized params: delimited=length&language=en&oauth_consumer_key=7zKulgQh8LNKDk6uv95LGJU9l&oauth_nonce=156025192157431168791448779568&oauth_signature_method=HMAC-SHA1&oauth_timestamp=1448779568&oauth_token=149939938-Meyglx1MDT9XQZttB2bSyVrcVtGlBtiZwI4Ct77E&oauth_version=1.0&track=a%2Cthe%2Ci%2Cyou%2Cu
2015-11-29 17:46:08,698 - oauthlib.oauth1.rfc5849 - DEBUG - Normalized URI: https://stream.twitter.com/1.1/statuses/filter.json
2015-11-29 17:46:08,699 - oauthlib.oauth1.rfc5849 - DEBUG - Base signing string: POST&https%3A%2F%2Fstream.twitter.com%2F1.1%2Fstatuses%2Ffilter.json&delimited%3Dlength%26language%3Den%26oauth_consumer_key%3D7zKulgQh8LNKDk6uv95LGJU9l%26oauth_nonce%3D156025192157431168791448779568%26oauth_signature_method%3DHMAC-SHA1%26oauth_timestamp%3D1448779568%26oauth_token%3D149939938-Meyglx1MDT9XQZttB2bSyVrcVtGlBtiZwI4Ct77E%26oauth_version%3D1.0%26track%3Da%252Cthe%252Ci%252Cyou%252Cu
2015-11-29 17:46:08,699 - oauthlib.oauth1.rfc5849 - DEBUG - Signature: F8zZbxyYKr1GwOScYHuADB4X/8o=
2015-11-29 17:46:08,700 - requests_oauthlib.oauth1_auth - DEBUG - Updated url: https://stream.twitter.com/1.1/statuses/filter.json?delimited=length
2015-11-29 17:46:08,700 - requests_oauthlib.oauth1_auth - DEBUG - Updated headers: {u'Content-Length': u'39', u'Content-Type': u'application/x-www-form-urlencoded', u'Authorization': u'OAuth oauth_nonce="156025192157431168791448779568", oauth_timestamp="1448779568", oauth_version="1.0", oauth_signature_method="HMAC-SHA1", oauth_consumer_key="7zKulgQh8LNKDk6uv95LGJU9l", oauth_token="149939938-Meyglx1MDT9XQZttB2bSyVrcVtGlBtiZwI4Ct77E", oauth_signature="F8zZbxyYKr1GwOScYHuADB4X%2F8o%3D"'}
2015-11-29 17:46:08,700 - requests_oauthlib.oauth1_auth - DEBUG - Updated body: u'track=a%2Cthe%2Ci%2Cyou%2Cu&language=en'
2015-11-29 17:46:08,701 - requests.packages.urllib3.connectionpool - INFO - Starting new HTTPS connection (2): stream.twitter.com
2015-11-29 17:46:10,362 - requests.packages.urllib3.connectionpool - DEBUG - "POST /1.1/statuses/filter.json?delimited=length HTTP/1.1" 200 None
