2015-11-26 11:59:55,424 - requests_oauthlib.oauth1_auth - DEBUG - Signing request <PreparedRequest [POST]> using client <Client nonce=None, signature_method=HMAC-SHA1, realm=None, encoding=utf-8, timestamp=None, resource_owner_secret=****, decoding=None, verifier=None, signature_type=AUTH_HEADER, rsa_key=None, resource_owner_key=<enter your access token>, client_secret=****, callback_uri=None, client_key=<enter your consumer key>>
2015-11-26 11:59:55,424 - requests_oauthlib.oauth1_auth - DEBUG - Including body in call to sign: True
2015-11-26 11:59:55,439 - oauthlib.oauth1.rfc5849 - DEBUG - Collected params: [(u'delimited', u'length'), (u'oauth_nonce', u'96999654255288930751448539195'), (u'oauth_timestamp', u'1448539195'), (u'oauth_consumer_key', u'<enter your consumer key>'), (u'oauth_signature_method', u'HMAC-SHA1'), (u'oauth_version', u'1.0'), (u'oauth_token', u'<enter your access token>'), (u'track', u'a,the,i,you,u'), (u'language', u'en')]
2015-11-26 11:59:55,439 - oauthlib.oauth1.rfc5849 - DEBUG - Normalized params: delimited=length&language=en&oauth_consumer_key=%3Center%20your%20consumer%20key%3E&oauth_nonce=96999654255288930751448539195&oauth_signature_method=HMAC-SHA1&oauth_timestamp=1448539195&oauth_token=%3Center%20your%20access%20token%3E&oauth_version=1.0&track=a%2Cthe%2Ci%2Cyou%2Cu
2015-11-26 11:59:55,440 - oauthlib.oauth1.rfc5849 - DEBUG - Normalized URI: https://stream.twitter.com/1.1/statuses/filter.json
2015-11-26 11:59:55,440 - oauthlib.oauth1.rfc5849 - DEBUG - Base signing string: POST&https%3A%2F%2Fstream.twitter.com%2F1.1%2Fstatuses%2Ffilter.json&delimited%3Dlength%26language%3Den%26oauth_consumer_key%3D%253Center%2520your%2520consumer%2520key%253E%26oauth_nonce%3D96999654255288930751448539195%26oauth_signature_method%3DHMAC-SHA1%26oauth_timestamp%3D1448539195%26oauth_token%3D%253Center%2520your%2520access%2520token%253E%26oauth_version%3D1.0%26track%3Da%252Cthe%252Ci%252Cyou%252Cu
2015-11-26 11:59:55,440 - oauthlib.oauth1.rfc5849 - DEBUG - Signature: 8nUZmyf3nyVV5BZ37QYLwdPmXdk=
2015-11-26 11:59:55,454 - requests_oauthlib.oauth1_auth - DEBUG - Updated url: https://stream.twitter.com/1.1/statuses/filter.json?delimited=length
2015-11-26 11:59:55,454 - requests_oauthlib.oauth1_auth - DEBUG - Updated headers: {u'Content-Length': u'39', u'Content-Type': u'application/x-www-form-urlencoded', u'Authorization': u'OAuth oauth_nonce="96999654255288930751448539195", oauth_timestamp="1448539195", oauth_version="1.0", oauth_signature_method="HMAC-SHA1", oauth_consumer_key="%3Center%20your%20consumer%20key%3E", oauth_token="%3Center%20your%20access%20token%3E", oauth_signature="8nUZmyf3nyVV5BZ37QYLwdPmXdk%3D"'}
2015-11-26 11:59:55,454 - requests_oauthlib.oauth1_auth - DEBUG - Updated body: u'track=a%2Cthe%2Ci%2Cyou%2Cu&language=en'
2015-11-26 11:59:55,455 - requests.packages.urllib3.connectionpool - INFO - Starting new HTTPS connection (1): stream.twitter.com
2015-11-26 11:59:55,634 - requests.packages.urllib3.connectionpool - DEBUG - "POST /1.1/statuses/filter.json?delimited=length HTTP/1.1" 401 283
2015-11-26 11:59:56,017 - streamparse.storm.component - ERROR - Received EOF while trying to read stdin from Storm, pipe appears to be broken, exiting.
2015-11-26 12:00:00,641 - requests_oauthlib.oauth1_auth - DEBUG - Signing request <PreparedRequest [POST]> using client <Client nonce=None, signature_method=HMAC-SHA1, realm=None, encoding=utf-8, timestamp=None, resource_owner_secret=****, decoding=None, verifier=None, signature_type=AUTH_HEADER, rsa_key=None, resource_owner_key=<enter your access token>, client_secret=****, callback_uri=None, client_key=<enter your consumer key>>
2015-11-26 12:00:00,641 - requests_oauthlib.oauth1_auth - DEBUG - Including body in call to sign: True
2015-11-26 12:00:00,642 - oauthlib.oauth1.rfc5849 - DEBUG - Collected params: [(u'delimited', u'length'), (u'oauth_nonce', u'14334787248093453241448539200'), (u'oauth_timestamp', u'1448539200'), (u'oauth_consumer_key', u'<enter your consumer key>'), (u'oauth_signature_method', u'HMAC-SHA1'), (u'oauth_version', u'1.0'), (u'oauth_token', u'<enter your access token>'), (u'track', u'a,the,i,you,u'), (u'language', u'en')]
2015-11-26 12:00:00,642 - oauthlib.oauth1.rfc5849 - DEBUG - Normalized params: delimited=length&language=en&oauth_consumer_key=%3Center%20your%20consumer%20key%3E&oauth_nonce=14334787248093453241448539200&oauth_signature_method=HMAC-SHA1&oauth_timestamp=1448539200&oauth_token=%3Center%20your%20access%20token%3E&oauth_version=1.0&track=a%2Cthe%2Ci%2Cyou%2Cu
2015-11-26 12:00:00,642 - oauthlib.oauth1.rfc5849 - DEBUG - Normalized URI: https://stream.twitter.com/1.1/statuses/filter.json
2015-11-26 12:00:00,642 - oauthlib.oauth1.rfc5849 - DEBUG - Base signing string: POST&https%3A%2F%2Fstream.twitter.com%2F1.1%2Fstatuses%2Ffilter.json&delimited%3Dlength%26language%3Den%26oauth_consumer_key%3D%253Center%2520your%2520consumer%2520key%253E%26oauth_nonce%3D14334787248093453241448539200%26oauth_signature_method%3DHMAC-SHA1%26oauth_timestamp%3D1448539200%26oauth_token%3D%253Center%2520your%2520access%2520token%253E%26oauth_version%3D1.0%26track%3Da%252Cthe%252Ci%252Cyou%252Cu
2015-11-26 12:00:00,642 - oauthlib.oauth1.rfc5849 - DEBUG - Signature: sUiQZa8QHjVE0UvRjfPkoMGOs8U=
2015-11-26 12:00:00,643 - requests_oauthlib.oauth1_auth - DEBUG - Updated url: https://stream.twitter.com/1.1/statuses/filter.json?delimited=length
2015-11-26 12:00:00,643 - requests_oauthlib.oauth1_auth - DEBUG - Updated headers: {u'Content-Length': u'39', u'Content-Type': u'application/x-www-form-urlencoded', u'Authorization': u'OAuth oauth_nonce="14334787248093453241448539200", oauth_timestamp="1448539200", oauth_version="1.0", oauth_signature_method="HMAC-SHA1", oauth_consumer_key="%3Center%20your%20consumer%20key%3E", oauth_token="%3Center%20your%20access%20token%3E", oauth_signature="sUiQZa8QHjVE0UvRjfPkoMGOs8U%3D"'}
2015-11-26 12:00:00,643 - requests_oauthlib.oauth1_auth - DEBUG - Updated body: u'track=a%2Cthe%2Ci%2Cyou%2Cu&language=en'
2015-11-26 12:00:00,643 - requests.packages.urllib3.connectionpool - INFO - Starting new HTTPS connection (2): stream.twitter.com
2015-11-26 12:00:00,720 - requests.packages.urllib3.connectionpool - DEBUG - "POST /1.1/statuses/filter.json?delimited=length HTTP/1.1" 401 283
2015-11-26 12:00:10,731 - requests_oauthlib.oauth1_auth - DEBUG - Signing request <PreparedRequest [POST]> using client <Client nonce=None, signature_method=HMAC-SHA1, realm=None, encoding=utf-8, timestamp=None, resource_owner_secret=****, decoding=None, verifier=None, signature_type=AUTH_HEADER, rsa_key=None, resource_owner_key=<enter your access token>, client_secret=****, callback_uri=None, client_key=<enter your consumer key>>
2015-11-26 12:00:10,731 - requests_oauthlib.oauth1_auth - DEBUG - Including body in call to sign: True
2015-11-26 12:00:10,732 - oauthlib.oauth1.rfc5849 - DEBUG - Collected params: [(u'delimited', u'length'), (u'oauth_nonce', u'143509849026711372801448539210'), (u'oauth_timestamp', u'1448539210'), (u'oauth_consumer_key', u'<enter your consumer key>'), (u'oauth_signature_method', u'HMAC-SHA1'), (u'oauth_version', u'1.0'), (u'oauth_token', u'<enter your access token>'), (u'track', u'a,the,i,you,u'), (u'language', u'en')]
2015-11-26 12:00:10,732 - oauthlib.oauth1.rfc5849 - DEBUG - Normalized params: delimited=length&language=en&oauth_consumer_key=%3Center%20your%20consumer%20key%3E&oauth_nonce=143509849026711372801448539210&oauth_signature_method=HMAC-SHA1&oauth_timestamp=1448539210&oauth_token=%3Center%20your%20access%20token%3E&oauth_version=1.0&track=a%2Cthe%2Ci%2Cyou%2Cu
2015-11-26 12:00:10,733 - oauthlib.oauth1.rfc5849 - DEBUG - Normalized URI: https://stream.twitter.com/1.1/statuses/filter.json
2015-11-26 12:00:10,733 - oauthlib.oauth1.rfc5849 - DEBUG - Base signing string: POST&https%3A%2F%2Fstream.twitter.com%2F1.1%2Fstatuses%2Ffilter.json&delimited%3Dlength%26language%3Den%26oauth_consumer_key%3D%253Center%2520your%2520consumer%2520key%253E%26oauth_nonce%3D143509849026711372801448539210%26oauth_signature_method%3DHMAC-SHA1%26oauth_timestamp%3D1448539210%26oauth_token%3D%253Center%2520your%2520access%2520token%253E%26oauth_version%3D1.0%26track%3Da%252Cthe%252Ci%252Cyou%252Cu
2015-11-26 12:00:10,733 - oauthlib.oauth1.rfc5849 - DEBUG - Signature: 9B01qRVMBAPv/f0a0lHxubi1zjk=
2015-11-26 12:00:10,733 - requests_oauthlib.oauth1_auth - DEBUG - Updated url: https://stream.twitter.com/1.1/statuses/filter.json?delimited=length
2015-11-26 12:00:10,733 - requests_oauthlib.oauth1_auth - DEBUG - Updated headers: {u'Content-Length': u'39', u'Content-Type': u'application/x-www-form-urlencoded', u'Authorization': u'OAuth oauth_nonce="143509849026711372801448539210", oauth_timestamp="1448539210", oauth_version="1.0", oauth_signature_method="HMAC-SHA1", oauth_consumer_key="%3Center%20your%20consumer%20key%3E", oauth_token="%3Center%20your%20access%20token%3E", oauth_signature="9B01qRVMBAPv%2Ff0a0lHxubi1zjk%3D"'}
2015-11-26 12:00:10,733 - requests_oauthlib.oauth1_auth - DEBUG - Updated body: u'track=a%2Cthe%2Ci%2Cyou%2Cu&language=en'
2015-11-26 12:00:10,734 - requests.packages.urllib3.connectionpool - INFO - Starting new HTTPS connection (3): stream.twitter.com
2015-11-26 12:00:10,818 - requests.packages.urllib3.connectionpool - DEBUG - "POST /1.1/statuses/filter.json?delimited=length HTTP/1.1" 401 283
2015-11-26 12:00:30,840 - requests_oauthlib.oauth1_auth - DEBUG - Signing request <PreparedRequest [POST]> using client <Client nonce=None, signature_method=HMAC-SHA1, realm=None, encoding=utf-8, timestamp=None, resource_owner_secret=****, decoding=None, verifier=None, signature_type=AUTH_HEADER, rsa_key=None, resource_owner_key=<enter your access token>, client_secret=****, callback_uri=None, client_key=<enter your consumer key>>
2015-11-26 12:00:30,840 - requests_oauthlib.oauth1_auth - DEBUG - Including body in call to sign: True
2015-11-26 12:00:30,841 - oauthlib.oauth1.rfc5849 - DEBUG - Collected params: [(u'delimited', u'length'), (u'oauth_nonce', u'105114100538682578111448539230'), (u'oauth_timestamp', u'1448539230'), (u'oauth_consumer_key', u'<enter your consumer key>'), (u'oauth_signature_method', u'HMAC-SHA1'), (u'oauth_version', u'1.0'), (u'oauth_token', u'<enter your access token>'), (u'track', u'a,the,i,you,u'), (u'language', u'en')]
2015-11-26 12:00:30,841 - oauthlib.oauth1.rfc5849 - DEBUG - Normalized params: delimited=length&language=en&oauth_consumer_key=%3Center%20your%20consumer%20key%3E&oauth_nonce=105114100538682578111448539230&oauth_signature_method=HMAC-SHA1&oauth_timestamp=1448539230&oauth_token=%3Center%20your%20access%20token%3E&oauth_version=1.0&track=a%2Cthe%2Ci%2Cyou%2Cu
2015-11-26 12:00:30,841 - oauthlib.oauth1.rfc5849 - DEBUG - Normalized URI: https://stream.twitter.com/1.1/statuses/filter.json
2015-11-26 12:00:30,841 - oauthlib.oauth1.rfc5849 - DEBUG - Base signing string: POST&https%3A%2F%2Fstream.twitter.com%2F1.1%2Fstatuses%2Ffilter.json&delimited%3Dlength%26language%3Den%26oauth_consumer_key%3D%253Center%2520your%2520consumer%2520key%253E%26oauth_nonce%3D105114100538682578111448539230%26oauth_signature_method%3DHMAC-SHA1%26oauth_timestamp%3D1448539230%26oauth_token%3D%253Center%2520your%2520access%2520token%253E%26oauth_version%3D1.0%26track%3Da%252Cthe%252Ci%252Cyou%252Cu
2015-11-26 12:00:30,842 - oauthlib.oauth1.rfc5849 - DEBUG - Signature: UH9+LtP+wkjRcT5ej0Rii1AOPm0=
2015-11-26 12:00:30,842 - requests_oauthlib.oauth1_auth - DEBUG - Updated url: https://stream.twitter.com/1.1/statuses/filter.json?delimited=length
2015-11-26 12:00:30,842 - requests_oauthlib.oauth1_auth - DEBUG - Updated headers: {u'Content-Length': u'39', u'Content-Type': u'application/x-www-form-urlencoded', u'Authorization': u'OAuth oauth_nonce="105114100538682578111448539230", oauth_timestamp="1448539230", oauth_version="1.0", oauth_signature_method="HMAC-SHA1", oauth_consumer_key="%3Center%20your%20consumer%20key%3E", oauth_token="%3Center%20your%20access%20token%3E", oauth_signature="UH9%2BLtP%2BwkjRcT5ej0Rii1AOPm0%3D"'}
2015-11-26 12:00:30,842 - requests_oauthlib.oauth1_auth - DEBUG - Updated body: u'track=a%2Cthe%2Ci%2Cyou%2Cu&language=en'
2015-11-26 12:00:30,842 - requests.packages.urllib3.connectionpool - INFO - Starting new HTTPS connection (4): stream.twitter.com
2015-11-26 12:00:30,921 - requests.packages.urllib3.connectionpool - DEBUG - "POST /1.1/statuses/filter.json?delimited=length HTTP/1.1" 401 283
2015-11-26 12:01:10,963 - requests_oauthlib.oauth1_auth - DEBUG - Signing request <PreparedRequest [POST]> using client <Client nonce=None, signature_method=HMAC-SHA1, realm=None, encoding=utf-8, timestamp=None, resource_owner_secret=****, decoding=None, verifier=None, signature_type=AUTH_HEADER, rsa_key=None, resource_owner_key=<enter your access token>, client_secret=****, callback_uri=None, client_key=<enter your consumer key>>
2015-11-26 12:01:10,963 - requests_oauthlib.oauth1_auth - DEBUG - Including body in call to sign: True
2015-11-26 12:01:10,964 - oauthlib.oauth1.rfc5849 - DEBUG - Collected params: [(u'delimited', u'length'), (u'oauth_nonce', u'110680622236106802521448539270'), (u'oauth_timestamp', u'1448539270'), (u'oauth_consumer_key', u'<enter your consumer key>'), (u'oauth_signature_method', u'HMAC-SHA1'), (u'oauth_version', u'1.0'), (u'oauth_token', u'<enter your access token>'), (u'track', u'a,the,i,you,u'), (u'language', u'en')]
2015-11-26 12:01:10,964 - oauthlib.oauth1.rfc5849 - DEBUG - Normalized params: delimited=length&language=en&oauth_consumer_key=%3Center%20your%20consumer%20key%3E&oauth_nonce=110680622236106802521448539270&oauth_signature_method=HMAC-SHA1&oauth_timestamp=1448539270&oauth_token=%3Center%20your%20access%20token%3E&oauth_version=1.0&track=a%2Cthe%2Ci%2Cyou%2Cu
2015-11-26 12:01:10,964 - oauthlib.oauth1.rfc5849 - DEBUG - Normalized URI: https://stream.twitter.com/1.1/statuses/filter.json
2015-11-26 12:01:10,965 - oauthlib.oauth1.rfc5849 - DEBUG - Base signing string: POST&https%3A%2F%2Fstream.twitter.com%2F1.1%2Fstatuses%2Ffilter.json&delimited%3Dlength%26language%3Den%26oauth_consumer_key%3D%253Center%2520your%2520consumer%2520key%253E%26oauth_nonce%3D110680622236106802521448539270%26oauth_signature_method%3DHMAC-SHA1%26oauth_timestamp%3D1448539270%26oauth_token%3D%253Center%2520your%2520access%2520token%253E%26oauth_version%3D1.0%26track%3Da%252Cthe%252Ci%252Cyou%252Cu
2015-11-26 12:01:10,965 - oauthlib.oauth1.rfc5849 - DEBUG - Signature: 1RGc09NVDIHSgyDoZs1EY8DKaLs=
2015-11-26 12:01:10,965 - requests_oauthlib.oauth1_auth - DEBUG - Updated url: https://stream.twitter.com/1.1/statuses/filter.json?delimited=length
2015-11-26 12:01:10,965 - requests_oauthlib.oauth1_auth - DEBUG - Updated headers: {u'Content-Length': u'39', u'Content-Type': u'application/x-www-form-urlencoded', u'Authorization': u'OAuth oauth_nonce="110680622236106802521448539270", oauth_timestamp="1448539270", oauth_version="1.0", oauth_signature_method="HMAC-SHA1", oauth_consumer_key="%3Center%20your%20consumer%20key%3E", oauth_token="%3Center%20your%20access%20token%3E", oauth_signature="1RGc09NVDIHSgyDoZs1EY8DKaLs%3D"'}
2015-11-26 12:01:10,965 - requests_oauthlib.oauth1_auth - DEBUG - Updated body: u'track=a%2Cthe%2Ci%2Cyou%2Cu&language=en'
2015-11-26 12:01:10,966 - requests.packages.urllib3.connectionpool - INFO - Starting new HTTPS connection (5): stream.twitter.com
2015-11-26 12:01:11,041 - requests.packages.urllib3.connectionpool - DEBUG - "POST /1.1/statuses/filter.json?delimited=length HTTP/1.1" 401 283
2015-11-26 12:02:31,121 - requests_oauthlib.oauth1_auth - DEBUG - Signing request <PreparedRequest [POST]> using client <Client nonce=None, signature_method=HMAC-SHA1, realm=None, encoding=utf-8, timestamp=None, resource_owner_secret=****, decoding=None, verifier=None, signature_type=AUTH_HEADER, rsa_key=None, resource_owner_key=<enter your access token>, client_secret=****, callback_uri=None, client_key=<enter your consumer key>>
2015-11-26 12:02:31,121 - requests_oauthlib.oauth1_auth - DEBUG - Including body in call to sign: True
2015-11-26 12:02:31,122 - oauthlib.oauth1.rfc5849 - DEBUG - Collected params: [(u'delimited', u'length'), (u'oauth_nonce', u'44908620430703606281448539351'), (u'oauth_timestamp', u'1448539351'), (u'oauth_consumer_key', u'<enter your consumer key>'), (u'oauth_signature_method', u'HMAC-SHA1'), (u'oauth_version', u'1.0'), (u'oauth_token', u'<enter your access token>'), (u'track', u'a,the,i,you,u'), (u'language', u'en')]
2015-11-26 12:02:31,122 - oauthlib.oauth1.rfc5849 - DEBUG - Normalized params: delimited=length&language=en&oauth_consumer_key=%3Center%20your%20consumer%20key%3E&oauth_nonce=44908620430703606281448539351&oauth_signature_method=HMAC-SHA1&oauth_timestamp=1448539351&oauth_token=%3Center%20your%20access%20token%3E&oauth_version=1.0&track=a%2Cthe%2Ci%2Cyou%2Cu
2015-11-26 12:02:31,123 - oauthlib.oauth1.rfc5849 - DEBUG - Normalized URI: https://stream.twitter.com/1.1/statuses/filter.json
2015-11-26 12:02:31,123 - oauthlib.oauth1.rfc5849 - DEBUG - Base signing string: POST&https%3A%2F%2Fstream.twitter.com%2F1.1%2Fstatuses%2Ffilter.json&delimited%3Dlength%26language%3Den%26oauth_consumer_key%3D%253Center%2520your%2520consumer%2520key%253E%26oauth_nonce%3D44908620430703606281448539351%26oauth_signature_method%3DHMAC-SHA1%26oauth_timestamp%3D1448539351%26oauth_token%3D%253Center%2520your%2520access%2520token%253E%26oauth_version%3D1.0%26track%3Da%252Cthe%252Ci%252Cyou%252Cu
2015-11-26 12:02:31,123 - oauthlib.oauth1.rfc5849 - DEBUG - Signature: qrAr7uWBtiebgDG8c5xEW2pJQg8=
2015-11-26 12:02:31,123 - requests_oauthlib.oauth1_auth - DEBUG - Updated url: https://stream.twitter.com/1.1/statuses/filter.json?delimited=length
2015-11-26 12:02:31,123 - requests_oauthlib.oauth1_auth - DEBUG - Updated headers: {u'Content-Length': u'39', u'Content-Type': u'application/x-www-form-urlencoded', u'Authorization': u'OAuth oauth_nonce="44908620430703606281448539351", oauth_timestamp="1448539351", oauth_version="1.0", oauth_signature_method="HMAC-SHA1", oauth_consumer_key="%3Center%20your%20consumer%20key%3E", oauth_token="%3Center%20your%20access%20token%3E", oauth_signature="qrAr7uWBtiebgDG8c5xEW2pJQg8%3D"'}
2015-11-26 12:02:31,123 - requests_oauthlib.oauth1_auth - DEBUG - Updated body: u'track=a%2Cthe%2Ci%2Cyou%2Cu&language=en'
2015-11-26 12:02:31,124 - requests.packages.urllib3.connectionpool - INFO - Starting new HTTPS connection (6): stream.twitter.com
2015-11-26 12:02:31,203 - requests.packages.urllib3.connectionpool - DEBUG - "POST /1.1/statuses/filter.json?delimited=length HTTP/1.1" 401 283
2015-11-26 12:05:11,302 - requests_oauthlib.oauth1_auth - DEBUG - Signing request <PreparedRequest [POST]> using client <Client nonce=None, signature_method=HMAC-SHA1, realm=None, encoding=utf-8, timestamp=None, resource_owner_secret=****, decoding=None, verifier=None, signature_type=AUTH_HEADER, rsa_key=None, resource_owner_key=<enter your access token>, client_secret=****, callback_uri=None, client_key=<enter your consumer key>>
2015-11-26 12:05:11,303 - requests_oauthlib.oauth1_auth - DEBUG - Including body in call to sign: True
2015-11-26 12:05:11,303 - oauthlib.oauth1.rfc5849 - DEBUG - Collected params: [(u'delimited', u'length'), (u'oauth_nonce', u'47439125006231798281448539511'), (u'oauth_timestamp', u'1448539511'), (u'oauth_consumer_key', u'<enter your consumer key>'), (u'oauth_signature_method', u'HMAC-SHA1'), (u'oauth_version', u'1.0'), (u'oauth_token', u'<enter your access token>'), (u'track', u'a,the,i,you,u'), (u'language', u'en')]
2015-11-26 12:05:11,304 - oauthlib.oauth1.rfc5849 - DEBUG - Normalized params: delimited=length&language=en&oauth_consumer_key=%3Center%20your%20consumer%20key%3E&oauth_nonce=47439125006231798281448539511&oauth_signature_method=HMAC-SHA1&oauth_timestamp=1448539511&oauth_token=%3Center%20your%20access%20token%3E&oauth_version=1.0&track=a%2Cthe%2Ci%2Cyou%2Cu
2015-11-26 12:05:11,304 - oauthlib.oauth1.rfc5849 - DEBUG - Normalized URI: https://stream.twitter.com/1.1/statuses/filter.json
2015-11-26 12:05:11,304 - oauthlib.oauth1.rfc5849 - DEBUG - Base signing string: POST&https%3A%2F%2Fstream.twitter.com%2F1.1%2Fstatuses%2Ffilter.json&delimited%3Dlength%26language%3Den%26oauth_consumer_key%3D%253Center%2520your%2520consumer%2520key%253E%26oauth_nonce%3D47439125006231798281448539511%26oauth_signature_method%3DHMAC-SHA1%26oauth_timestamp%3D1448539511%26oauth_token%3D%253Center%2520your%2520access%2520token%253E%26oauth_version%3D1.0%26track%3Da%252Cthe%252Ci%252Cyou%252Cu
2015-11-26 12:05:11,304 - oauthlib.oauth1.rfc5849 - DEBUG - Signature: BX+Lnu5OQnqxZMn80O3VipaUDrU=
2015-11-26 12:05:11,304 - requests_oauthlib.oauth1_auth - DEBUG - Updated url: https://stream.twitter.com/1.1/statuses/filter.json?delimited=length
2015-11-26 12:05:11,305 - requests_oauthlib.oauth1_auth - DEBUG - Updated headers: {u'Content-Length': u'39', u'Content-Type': u'application/x-www-form-urlencoded', u'Authorization': u'OAuth oauth_nonce="47439125006231798281448539511", oauth_timestamp="1448539511", oauth_version="1.0", oauth_signature_method="HMAC-SHA1", oauth_consumer_key="%3Center%20your%20consumer%20key%3E", oauth_token="%3Center%20your%20access%20token%3E", oauth_signature="BX%2BLnu5OQnqxZMn80O3VipaUDrU%3D"'}
2015-11-26 12:05:11,305 - requests_oauthlib.oauth1_auth - DEBUG - Updated body: u'track=a%2Cthe%2Ci%2Cyou%2Cu&language=en'
2015-11-26 12:05:11,305 - requests.packages.urllib3.connectionpool - INFO - Starting new HTTPS connection (7): stream.twitter.com
2015-11-26 12:05:11,383 - requests.packages.urllib3.connectionpool - DEBUG - "POST /1.1/statuses/filter.json?delimited=length HTTP/1.1" 401 283
