2015-11-26 11:22:17,505 - requests_oauthlib.oauth1_auth - DEBUG - Signing request <PreparedRequest [POST]> using client <Client nonce=None, signature_method=HMAC-SHA1, realm=None, encoding=utf-8, timestamp=None, resource_owner_secret=****, decoding=None, verifier=None, signature_type=AUTH_HEADER, rsa_key=None, resource_owner_key=<enter your access token>, client_secret=****, callback_uri=None, client_key=<enter your consumer key>>
2015-11-26 11:22:17,505 - requests_oauthlib.oauth1_auth - DEBUG - Including body in call to sign: True
2015-11-26 11:22:17,506 - oauthlib.oauth1.rfc5849 - DEBUG - Collected params: [(u'delimited', u'length'), (u'oauth_nonce', u'184053544763353151941448536937'), (u'oauth_timestamp', u'1448536937'), (u'oauth_consumer_key', u'<enter your consumer key>'), (u'oauth_signature_method', u'HMAC-SHA1'), (u'oauth_version', u'1.0'), (u'oauth_token', u'<enter your access token>'), (u'track', u'a,the,i,you,u'), (u'language', u'en')]
2015-11-26 11:22:17,506 - oauthlib.oauth1.rfc5849 - DEBUG - Normalized params: delimited=length&language=en&oauth_consumer_key=%3Center%20your%20consumer%20key%3E&oauth_nonce=184053544763353151941448536937&oauth_signature_method=HMAC-SHA1&oauth_timestamp=1448536937&oauth_token=%3Center%20your%20access%20token%3E&oauth_version=1.0&track=a%2Cthe%2Ci%2Cyou%2Cu
2015-11-26 11:22:17,506 - oauthlib.oauth1.rfc5849 - DEBUG - Normalized URI: https://stream.twitter.com/1.1/statuses/filter.json
2015-11-26 11:22:17,506 - oauthlib.oauth1.rfc5849 - DEBUG - Base signing string: POST&https%3A%2F%2Fstream.twitter.com%2F1.1%2Fstatuses%2Ffilter.json&delimited%3Dlength%26language%3Den%26oauth_consumer_key%3D%253Center%2520your%2520consumer%2520key%253E%26oauth_nonce%3D184053544763353151941448536937%26oauth_signature_method%3DHMAC-SHA1%26oauth_timestamp%3D1448536937%26oauth_token%3D%253Center%2520your%2520access%2520token%253E%26oauth_version%3D1.0%26track%3Da%252Cthe%252Ci%252Cyou%252Cu
2015-11-26 11:22:17,507 - oauthlib.oauth1.rfc5849 - DEBUG - Signature: YrC4NDBkOGc2MPAWaTy+dYeQc7Q=
2015-11-26 11:22:17,507 - requests_oauthlib.oauth1_auth - DEBUG - Updated url: https://stream.twitter.com/1.1/statuses/filter.json?delimited=length
2015-11-26 11:22:17,507 - requests_oauthlib.oauth1_auth - DEBUG - Updated headers: {u'Content-Length': u'39', u'Content-Type': u'application/x-www-form-urlencoded', u'Authorization': u'OAuth oauth_nonce="184053544763353151941448536937", oauth_timestamp="1448536937", oauth_version="1.0", oauth_signature_method="HMAC-SHA1", oauth_consumer_key="%3Center%20your%20consumer%20key%3E", oauth_token="%3Center%20your%20access%20token%3E", oauth_signature="YrC4NDBkOGc2MPAWaTy%2BdYeQc7Q%3D"'}
2015-11-26 11:22:17,507 - requests_oauthlib.oauth1_auth - DEBUG - Updated body: u'track=a%2Cthe%2Ci%2Cyou%2Cu&language=en'
2015-11-26 11:22:17,508 - requests.packages.urllib3.connectionpool - INFO - Starting new HTTPS connection (1): stream.twitter.com
2015-11-26 11:22:17,604 - requests.packages.urllib3.connectionpool - DEBUG - "POST /1.1/statuses/filter.json?delimited=length HTTP/1.1" 401 283
2015-11-26 11:22:17,781 - streamparse.storm.component - ERROR - Received EOF while trying to read stdin from Storm, pipe appears to be broken, exiting.
2015-11-26 11:22:22,610 - requests_oauthlib.oauth1_auth - DEBUG - Signing request <PreparedRequest [POST]> using client <Client nonce=None, signature_method=HMAC-SHA1, realm=None, encoding=utf-8, timestamp=None, resource_owner_secret=****, decoding=None, verifier=None, signature_type=AUTH_HEADER, rsa_key=None, resource_owner_key=<enter your access token>, client_secret=****, callback_uri=None, client_key=<enter your consumer key>>
2015-11-26 11:22:22,610 - requests_oauthlib.oauth1_auth - DEBUG - Including body in call to sign: True
2015-11-26 11:22:22,611 - oauthlib.oauth1.rfc5849 - DEBUG - Collected params: [(u'delimited', u'length'), (u'oauth_nonce', u'99718344011660886321448536942'), (u'oauth_timestamp', u'1448536942'), (u'oauth_consumer_key', u'<enter your consumer key>'), (u'oauth_signature_method', u'HMAC-SHA1'), (u'oauth_version', u'1.0'), (u'oauth_token', u'<enter your access token>'), (u'track', u'a,the,i,you,u'), (u'language', u'en')]
2015-11-26 11:22:22,620 - oauthlib.oauth1.rfc5849 - DEBUG - Normalized params: delimited=length&language=en&oauth_consumer_key=%3Center%20your%20consumer%20key%3E&oauth_nonce=99718344011660886321448536942&oauth_signature_method=HMAC-SHA1&oauth_timestamp=1448536942&oauth_token=%3Center%20your%20access%20token%3E&oauth_version=1.0&track=a%2Cthe%2Ci%2Cyou%2Cu
2015-11-26 11:22:22,620 - oauthlib.oauth1.rfc5849 - DEBUG - Normalized URI: https://stream.twitter.com/1.1/statuses/filter.json
2015-11-26 11:22:22,620 - oauthlib.oauth1.rfc5849 - DEBUG - Base signing string: POST&https%3A%2F%2Fstream.twitter.com%2F1.1%2Fstatuses%2Ffilter.json&delimited%3Dlength%26language%3Den%26oauth_consumer_key%3D%253Center%2520your%2520consumer%2520key%253E%26oauth_nonce%3D99718344011660886321448536942%26oauth_signature_method%3DHMAC-SHA1%26oauth_timestamp%3D1448536942%26oauth_token%3D%253Center%2520your%2520access%2520token%253E%26oauth_version%3D1.0%26track%3Da%252Cthe%252Ci%252Cyou%252Cu
2015-11-26 11:22:22,621 - oauthlib.oauth1.rfc5849 - DEBUG - Signature: X/XfnfsDj01egvnVVGu1FY1Jbpg=
2015-11-26 11:22:22,621 - requests_oauthlib.oauth1_auth - DEBUG - Updated url: https://stream.twitter.com/1.1/statuses/filter.json?delimited=length
2015-11-26 11:22:22,621 - requests_oauthlib.oauth1_auth - DEBUG - Updated headers: {u'Content-Length': u'39', u'Content-Type': u'application/x-www-form-urlencoded', u'Authorization': u'OAuth oauth_nonce="99718344011660886321448536942", oauth_timestamp="1448536942", oauth_version="1.0", oauth_signature_method="HMAC-SHA1", oauth_consumer_key="%3Center%20your%20consumer%20key%3E", oauth_token="%3Center%20your%20access%20token%3E", oauth_signature="X%2FXfnfsDj01egvnVVGu1FY1Jbpg%3D"'}
2015-11-26 11:22:22,621 - requests_oauthlib.oauth1_auth - DEBUG - Updated body: u'track=a%2Cthe%2Ci%2Cyou%2Cu&language=en'
2015-11-26 11:22:22,622 - requests.packages.urllib3.connectionpool - INFO - Starting new HTTPS connection (2): stream.twitter.com
2015-11-26 11:22:22,701 - requests.packages.urllib3.connectionpool - DEBUG - "POST /1.1/statuses/filter.json?delimited=length HTTP/1.1" 401 283
2015-11-26 11:22:32,712 - requests_oauthlib.oauth1_auth - DEBUG - Signing request <PreparedRequest [POST]> using client <Client nonce=None, signature_method=HMAC-SHA1, realm=None, encoding=utf-8, timestamp=None, resource_owner_secret=****, decoding=None, verifier=None, signature_type=AUTH_HEADER, rsa_key=None, resource_owner_key=<enter your access token>, client_secret=****, callback_uri=None, client_key=<enter your consumer key>>
2015-11-26 11:22:32,712 - requests_oauthlib.oauth1_auth - DEBUG - Including body in call to sign: True
2015-11-26 11:22:32,713 - oauthlib.oauth1.rfc5849 - DEBUG - Collected params: [(u'delimited', u'length'), (u'oauth_nonce', u'28807248569973138701448536952'), (u'oauth_timestamp', u'1448536952'), (u'oauth_consumer_key', u'<enter your consumer key>'), (u'oauth_signature_method', u'HMAC-SHA1'), (u'oauth_version', u'1.0'), (u'oauth_token', u'<enter your access token>'), (u'track', u'a,the,i,you,u'), (u'language', u'en')]
2015-11-26 11:22:32,714 - oauthlib.oauth1.rfc5849 - DEBUG - Normalized params: delimited=length&language=en&oauth_consumer_key=%3Center%20your%20consumer%20key%3E&oauth_nonce=28807248569973138701448536952&oauth_signature_method=HMAC-SHA1&oauth_timestamp=1448536952&oauth_token=%3Center%20your%20access%20token%3E&oauth_version=1.0&track=a%2Cthe%2Ci%2Cyou%2Cu
2015-11-26 11:22:32,714 - oauthlib.oauth1.rfc5849 - DEBUG - Normalized URI: https://stream.twitter.com/1.1/statuses/filter.json
2015-11-26 11:22:32,714 - oauthlib.oauth1.rfc5849 - DEBUG - Base signing string: POST&https%3A%2F%2Fstream.twitter.com%2F1.1%2Fstatuses%2Ffilter.json&delimited%3Dlength%26language%3Den%26oauth_consumer_key%3D%253Center%2520your%2520consumer%2520key%253E%26oauth_nonce%3D28807248569973138701448536952%26oauth_signature_method%3DHMAC-SHA1%26oauth_timestamp%3D1448536952%26oauth_token%3D%253Center%2520your%2520access%2520token%253E%26oauth_version%3D1.0%26track%3Da%252Cthe%252Ci%252Cyou%252Cu
2015-11-26 11:22:32,714 - oauthlib.oauth1.rfc5849 - DEBUG - Signature: G3VSfwC9k7r4ApDp95O/nQN/WoI=
2015-11-26 11:22:32,714 - requests_oauthlib.oauth1_auth - DEBUG - Updated url: https://stream.twitter.com/1.1/statuses/filter.json?delimited=length
2015-11-26 11:22:32,715 - requests_oauthlib.oauth1_auth - DEBUG - Updated headers: {u'Content-Length': u'39', u'Content-Type': u'application/x-www-form-urlencoded', u'Authorization': u'OAuth oauth_nonce="28807248569973138701448536952", oauth_timestamp="1448536952", oauth_version="1.0", oauth_signature_method="HMAC-SHA1", oauth_consumer_key="%3Center%20your%20consumer%20key%3E", oauth_token="%3Center%20your%20access%20token%3E", oauth_signature="G3VSfwC9k7r4ApDp95O%2FnQN%2FWoI%3D"'}
2015-11-26 11:22:32,715 - requests_oauthlib.oauth1_auth - DEBUG - Updated body: u'track=a%2Cthe%2Ci%2Cyou%2Cu&language=en'
2015-11-26 11:22:32,715 - requests.packages.urllib3.connectionpool - INFO - Starting new HTTPS connection (3): stream.twitter.com
2015-11-26 11:22:32,790 - requests.packages.urllib3.connectionpool - DEBUG - "POST /1.1/statuses/filter.json?delimited=length HTTP/1.1" 401 283
2015-11-26 11:22:52,811 - requests_oauthlib.oauth1_auth - DEBUG - Signing request <PreparedRequest [POST]> using client <Client nonce=None, signature_method=HMAC-SHA1, realm=None, encoding=utf-8, timestamp=None, resource_owner_secret=****, decoding=None, verifier=None, signature_type=AUTH_HEADER, rsa_key=None, resource_owner_key=<enter your access token>, client_secret=****, callback_uri=None, client_key=<enter your consumer key>>
2015-11-26 11:22:52,811 - requests_oauthlib.oauth1_auth - DEBUG - Including body in call to sign: True
2015-11-26 11:22:52,820 - oauthlib.oauth1.rfc5849 - DEBUG - Collected params: [(u'delimited', u'length'), (u'oauth_nonce', u'162251750518148788451448536972'), (u'oauth_timestamp', u'1448536972'), (u'oauth_consumer_key', u'<enter your consumer key>'), (u'oauth_signature_method', u'HMAC-SHA1'), (u'oauth_version', u'1.0'), (u'oauth_token', u'<enter your access token>'), (u'track', u'a,the,i,you,u'), (u'language', u'en')]
2015-11-26 11:22:52,821 - oauthlib.oauth1.rfc5849 - DEBUG - Normalized params: delimited=length&language=en&oauth_consumer_key=%3Center%20your%20consumer%20key%3E&oauth_nonce=162251750518148788451448536972&oauth_signature_method=HMAC-SHA1&oauth_timestamp=1448536972&oauth_token=%3Center%20your%20access%20token%3E&oauth_version=1.0&track=a%2Cthe%2Ci%2Cyou%2Cu
2015-11-26 11:22:52,821 - oauthlib.oauth1.rfc5849 - DEBUG - Normalized URI: https://stream.twitter.com/1.1/statuses/filter.json
2015-11-26 11:22:52,821 - oauthlib.oauth1.rfc5849 - DEBUG - Base signing string: POST&https%3A%2F%2Fstream.twitter.com%2F1.1%2Fstatuses%2Ffilter.json&delimited%3Dlength%26language%3Den%26oauth_consumer_key%3D%253Center%2520your%2520consumer%2520key%253E%26oauth_nonce%3D162251750518148788451448536972%26oauth_signature_method%3DHMAC-SHA1%26oauth_timestamp%3D1448536972%26oauth_token%3D%253Center%2520your%2520access%2520token%253E%26oauth_version%3D1.0%26track%3Da%252Cthe%252Ci%252Cyou%252Cu
2015-11-26 11:22:52,821 - oauthlib.oauth1.rfc5849 - DEBUG - Signature: ryuhLXZ7kAoqeeuCHBZomD2/yxE=
2015-11-26 11:22:52,821 - requests_oauthlib.oauth1_auth - DEBUG - Updated url: https://stream.twitter.com/1.1/statuses/filter.json?delimited=length
2015-11-26 11:22:52,821 - requests_oauthlib.oauth1_auth - DEBUG - Updated headers: {u'Content-Length': u'39', u'Content-Type': u'application/x-www-form-urlencoded', u'Authorization': u'OAuth oauth_nonce="162251750518148788451448536972", oauth_timestamp="1448536972", oauth_version="1.0", oauth_signature_method="HMAC-SHA1", oauth_consumer_key="%3Center%20your%20consumer%20key%3E", oauth_token="%3Center%20your%20access%20token%3E", oauth_signature="ryuhLXZ7kAoqeeuCHBZomD2%2FyxE%3D"'}
2015-11-26 11:22:52,822 - requests_oauthlib.oauth1_auth - DEBUG - Updated body: u'track=a%2Cthe%2Ci%2Cyou%2Cu&language=en'
2015-11-26 11:22:52,822 - requests.packages.urllib3.connectionpool - INFO - Starting new HTTPS connection (4): stream.twitter.com
2015-11-26 11:22:52,897 - requests.packages.urllib3.connectionpool - DEBUG - "POST /1.1/statuses/filter.json?delimited=length HTTP/1.1" 401 283
2015-11-26 11:23:32,940 - requests_oauthlib.oauth1_auth - DEBUG - Signing request <PreparedRequest [POST]> using client <Client nonce=None, signature_method=HMAC-SHA1, realm=None, encoding=utf-8, timestamp=None, resource_owner_secret=****, decoding=None, verifier=None, signature_type=AUTH_HEADER, rsa_key=None, resource_owner_key=<enter your access token>, client_secret=****, callback_uri=None, client_key=<enter your consumer key>>
2015-11-26 11:23:32,940 - requests_oauthlib.oauth1_auth - DEBUG - Including body in call to sign: True
2015-11-26 11:23:32,941 - oauthlib.oauth1.rfc5849 - DEBUG - Collected params: [(u'delimited', u'length'), (u'oauth_nonce', u'6219706511295394111448537012'), (u'oauth_timestamp', u'1448537012'), (u'oauth_consumer_key', u'<enter your consumer key>'), (u'oauth_signature_method', u'HMAC-SHA1'), (u'oauth_version', u'1.0'), (u'oauth_token', u'<enter your access token>'), (u'track', u'a,the,i,you,u'), (u'language', u'en')]
2015-11-26 11:23:32,941 - oauthlib.oauth1.rfc5849 - DEBUG - Normalized params: delimited=length&language=en&oauth_consumer_key=%3Center%20your%20consumer%20key%3E&oauth_nonce=6219706511295394111448537012&oauth_signature_method=HMAC-SHA1&oauth_timestamp=1448537012&oauth_token=%3Center%20your%20access%20token%3E&oauth_version=1.0&track=a%2Cthe%2Ci%2Cyou%2Cu
2015-11-26 11:23:32,941 - oauthlib.oauth1.rfc5849 - DEBUG - Normalized URI: https://stream.twitter.com/1.1/statuses/filter.json
2015-11-26 11:23:32,941 - oauthlib.oauth1.rfc5849 - DEBUG - Base signing string: POST&https%3A%2F%2Fstream.twitter.com%2F1.1%2Fstatuses%2Ffilter.json&delimited%3Dlength%26language%3Den%26oauth_consumer_key%3D%253Center%2520your%2520consumer%2520key%253E%26oauth_nonce%3D6219706511295394111448537012%26oauth_signature_method%3DHMAC-SHA1%26oauth_timestamp%3D1448537012%26oauth_token%3D%253Center%2520your%2520access%2520token%253E%26oauth_version%3D1.0%26track%3Da%252Cthe%252Ci%252Cyou%252Cu
2015-11-26 11:23:32,942 - oauthlib.oauth1.rfc5849 - DEBUG - Signature: +OWVhUNDGNCtolQ5EYNRpXbp7gs=
2015-11-26 11:23:32,942 - requests_oauthlib.oauth1_auth - DEBUG - Updated url: https://stream.twitter.com/1.1/statuses/filter.json?delimited=length
2015-11-26 11:23:32,942 - requests_oauthlib.oauth1_auth - DEBUG - Updated headers: {u'Content-Length': u'39', u'Content-Type': u'application/x-www-form-urlencoded', u'Authorization': u'OAuth oauth_nonce="6219706511295394111448537012", oauth_timestamp="1448537012", oauth_version="1.0", oauth_signature_method="HMAC-SHA1", oauth_consumer_key="%3Center%20your%20consumer%20key%3E", oauth_token="%3Center%20your%20access%20token%3E", oauth_signature="%2BOWVhUNDGNCtolQ5EYNRpXbp7gs%3D"'}
2015-11-26 11:23:32,942 - requests_oauthlib.oauth1_auth - DEBUG - Updated body: u'track=a%2Cthe%2Ci%2Cyou%2Cu&language=en'
2015-11-26 11:23:32,942 - requests.packages.urllib3.connectionpool - INFO - Starting new HTTPS connection (5): stream.twitter.com
2015-11-26 11:23:33,016 - requests.packages.urllib3.connectionpool - DEBUG - "POST /1.1/statuses/filter.json?delimited=length HTTP/1.1" 401 283
2015-11-26 11:24:53,091 - requests_oauthlib.oauth1_auth - DEBUG - Signing request <PreparedRequest [POST]> using client <Client nonce=None, signature_method=HMAC-SHA1, realm=None, encoding=utf-8, timestamp=None, resource_owner_secret=****, decoding=None, verifier=None, signature_type=AUTH_HEADER, rsa_key=None, resource_owner_key=<enter your access token>, client_secret=****, callback_uri=None, client_key=<enter your consumer key>>
2015-11-26 11:24:53,091 - requests_oauthlib.oauth1_auth - DEBUG - Including body in call to sign: True
2015-11-26 11:24:53,092 - oauthlib.oauth1.rfc5849 - DEBUG - Collected params: [(u'delimited', u'length'), (u'oauth_nonce', u'108465316377269161851448537093'), (u'oauth_timestamp', u'1448537093'), (u'oauth_consumer_key', u'<enter your consumer key>'), (u'oauth_signature_method', u'HMAC-SHA1'), (u'oauth_version', u'1.0'), (u'oauth_token', u'<enter your access token>'), (u'track', u'a,the,i,you,u'), (u'language', u'en')]
2015-11-26 11:24:53,092 - oauthlib.oauth1.rfc5849 - DEBUG - Normalized params: delimited=length&language=en&oauth_consumer_key=%3Center%20your%20consumer%20key%3E&oauth_nonce=108465316377269161851448537093&oauth_signature_method=HMAC-SHA1&oauth_timestamp=1448537093&oauth_token=%3Center%20your%20access%20token%3E&oauth_version=1.0&track=a%2Cthe%2Ci%2Cyou%2Cu
2015-11-26 11:24:53,092 - oauthlib.oauth1.rfc5849 - DEBUG - Normalized URI: https://stream.twitter.com/1.1/statuses/filter.json
2015-11-26 11:24:53,093 - oauthlib.oauth1.rfc5849 - DEBUG - Base signing string: POST&https%3A%2F%2Fstream.twitter.com%2F1.1%2Fstatuses%2Ffilter.json&delimited%3Dlength%26language%3Den%26oauth_consumer_key%3D%253Center%2520your%2520consumer%2520key%253E%26oauth_nonce%3D108465316377269161851448537093%26oauth_signature_method%3DHMAC-SHA1%26oauth_timestamp%3D1448537093%26oauth_token%3D%253Center%2520your%2520access%2520token%253E%26oauth_version%3D1.0%26track%3Da%252Cthe%252Ci%252Cyou%252Cu
2015-11-26 11:24:53,093 - oauthlib.oauth1.rfc5849 - DEBUG - Signature: 5M5+WSai+vE7cZlr6X4f9My6VsM=
2015-11-26 11:24:53,093 - requests_oauthlib.oauth1_auth - DEBUG - Updated url: https://stream.twitter.com/1.1/statuses/filter.json?delimited=length
2015-11-26 11:24:53,093 - requests_oauthlib.oauth1_auth - DEBUG - Updated headers: {u'Content-Length': u'39', u'Content-Type': u'application/x-www-form-urlencoded', u'Authorization': u'OAuth oauth_nonce="108465316377269161851448537093", oauth_timestamp="1448537093", oauth_version="1.0", oauth_signature_method="HMAC-SHA1", oauth_consumer_key="%3Center%20your%20consumer%20key%3E", oauth_token="%3Center%20your%20access%20token%3E", oauth_signature="5M5%2BWSai%2BvE7cZlr6X4f9My6VsM%3D"'}
2015-11-26 11:24:53,093 - requests_oauthlib.oauth1_auth - DEBUG - Updated body: u'track=a%2Cthe%2Ci%2Cyou%2Cu&language=en'
2015-11-26 11:24:53,094 - requests.packages.urllib3.connectionpool - INFO - Starting new HTTPS connection (6): stream.twitter.com
2015-11-26 11:24:53,179 - requests.packages.urllib3.connectionpool - DEBUG - "POST /1.1/statuses/filter.json?delimited=length HTTP/1.1" 401 283
2015-11-26 11:27:33,281 - requests_oauthlib.oauth1_auth - DEBUG - Signing request <PreparedRequest [POST]> using client <Client nonce=None, signature_method=HMAC-SHA1, realm=None, encoding=utf-8, timestamp=None, resource_owner_secret=****, decoding=None, verifier=None, signature_type=AUTH_HEADER, rsa_key=None, resource_owner_key=<enter your access token>, client_secret=****, callback_uri=None, client_key=<enter your consumer key>>
2015-11-26 11:27:33,282 - requests_oauthlib.oauth1_auth - DEBUG - Including body in call to sign: True
2015-11-26 11:27:33,282 - oauthlib.oauth1.rfc5849 - DEBUG - Collected params: [(u'delimited', u'length'), (u'oauth_nonce', u'41943511060444405811448537253'), (u'oauth_timestamp', u'1448537253'), (u'oauth_consumer_key', u'<enter your consumer key>'), (u'oauth_signature_method', u'HMAC-SHA1'), (u'oauth_version', u'1.0'), (u'oauth_token', u'<enter your access token>'), (u'track', u'a,the,i,you,u'), (u'language', u'en')]
2015-11-26 11:27:33,283 - oauthlib.oauth1.rfc5849 - DEBUG - Normalized params: delimited=length&language=en&oauth_consumer_key=%3Center%20your%20consumer%20key%3E&oauth_nonce=41943511060444405811448537253&oauth_signature_method=HMAC-SHA1&oauth_timestamp=1448537253&oauth_token=%3Center%20your%20access%20token%3E&oauth_version=1.0&track=a%2Cthe%2Ci%2Cyou%2Cu
2015-11-26 11:27:33,283 - oauthlib.oauth1.rfc5849 - DEBUG - Normalized URI: https://stream.twitter.com/1.1/statuses/filter.json
2015-11-26 11:27:33,283 - oauthlib.oauth1.rfc5849 - DEBUG - Base signing string: POST&https%3A%2F%2Fstream.twitter.com%2F1.1%2Fstatuses%2Ffilter.json&delimited%3Dlength%26language%3Den%26oauth_consumer_key%3D%253Center%2520your%2520consumer%2520key%253E%26oauth_nonce%3D41943511060444405811448537253%26oauth_signature_method%3DHMAC-SHA1%26oauth_timestamp%3D1448537253%26oauth_token%3D%253Center%2520your%2520access%2520token%253E%26oauth_version%3D1.0%26track%3Da%252Cthe%252Ci%252Cyou%252Cu
2015-11-26 11:27:33,283 - oauthlib.oauth1.rfc5849 - DEBUG - Signature: 1aVZ/vr2LpDZmkgnYG49vT2QweM=
2015-11-26 11:27:33,283 - requests_oauthlib.oauth1_auth - DEBUG - Updated url: https://stream.twitter.com/1.1/statuses/filter.json?delimited=length
2015-11-26 11:27:33,284 - requests_oauthlib.oauth1_auth - DEBUG - Updated headers: {u'Content-Length': u'39', u'Content-Type': u'application/x-www-form-urlencoded', u'Authorization': u'OAuth oauth_nonce="41943511060444405811448537253", oauth_timestamp="1448537253", oauth_version="1.0", oauth_signature_method="HMAC-SHA1", oauth_consumer_key="%3Center%20your%20consumer%20key%3E", oauth_token="%3Center%20your%20access%20token%3E", oauth_signature="1aVZ%2Fvr2LpDZmkgnYG49vT2QweM%3D"'}
2015-11-26 11:27:33,284 - requests_oauthlib.oauth1_auth - DEBUG - Updated body: u'track=a%2Cthe%2Ci%2Cyou%2Cu&language=en'
2015-11-26 11:27:33,284 - requests.packages.urllib3.connectionpool - INFO - Starting new HTTPS connection (7): stream.twitter.com
2015-11-26 11:27:33,367 - requests.packages.urllib3.connectionpool - DEBUG - "POST /1.1/statuses/filter.json?delimited=length HTTP/1.1" 401 283
2015-11-26 11:32:53,471 - requests_oauthlib.oauth1_auth - DEBUG - Signing request <PreparedRequest [POST]> using client <Client nonce=None, signature_method=HMAC-SHA1, realm=None, encoding=utf-8, timestamp=None, resource_owner_secret=****, decoding=None, verifier=None, signature_type=AUTH_HEADER, rsa_key=None, resource_owner_key=<enter your access token>, client_secret=****, callback_uri=None, client_key=<enter your consumer key>>
2015-11-26 11:32:53,471 - requests_oauthlib.oauth1_auth - DEBUG - Including body in call to sign: True
2015-11-26 11:32:53,484 - oauthlib.oauth1.rfc5849 - DEBUG - Collected params: [(u'delimited', u'length'), (u'oauth_nonce', u'86655782765945176461448537573'), (u'oauth_timestamp', u'1448537573'), (u'oauth_consumer_key', u'<enter your consumer key>'), (u'oauth_signature_method', u'HMAC-SHA1'), (u'oauth_version', u'1.0'), (u'oauth_token', u'<enter your access token>'), (u'track', u'a,the,i,you,u'), (u'language', u'en')]
2015-11-26 11:32:53,485 - oauthlib.oauth1.rfc5849 - DEBUG - Normalized params: delimited=length&language=en&oauth_consumer_key=%3Center%20your%20consumer%20key%3E&oauth_nonce=86655782765945176461448537573&oauth_signature_method=HMAC-SHA1&oauth_timestamp=1448537573&oauth_token=%3Center%20your%20access%20token%3E&oauth_version=1.0&track=a%2Cthe%2Ci%2Cyou%2Cu
2015-11-26 11:32:53,485 - oauthlib.oauth1.rfc5849 - DEBUG - Normalized URI: https://stream.twitter.com/1.1/statuses/filter.json
2015-11-26 11:32:53,485 - oauthlib.oauth1.rfc5849 - DEBUG - Base signing string: POST&https%3A%2F%2Fstream.twitter.com%2F1.1%2Fstatuses%2Ffilter.json&delimited%3Dlength%26language%3Den%26oauth_consumer_key%3D%253Center%2520your%2520consumer%2520key%253E%26oauth_nonce%3D86655782765945176461448537573%26oauth_signature_method%3DHMAC-SHA1%26oauth_timestamp%3D1448537573%26oauth_token%3D%253Center%2520your%2520access%2520token%253E%26oauth_version%3D1.0%26track%3Da%252Cthe%252Ci%252Cyou%252Cu
2015-11-26 11:32:53,485 - oauthlib.oauth1.rfc5849 - DEBUG - Signature: 9jNCQVGzyWoUCmUDeg2SDpn3qHI=
2015-11-26 11:32:53,485 - requests_oauthlib.oauth1_auth - DEBUG - Updated url: https://stream.twitter.com/1.1/statuses/filter.json?delimited=length
2015-11-26 11:32:53,485 - requests_oauthlib.oauth1_auth - DEBUG - Updated headers: {u'Content-Length': u'39', u'Content-Type': u'application/x-www-form-urlencoded', u'Authorization': u'OAuth oauth_nonce="86655782765945176461448537573", oauth_timestamp="1448537573", oauth_version="1.0", oauth_signature_method="HMAC-SHA1", oauth_consumer_key="%3Center%20your%20consumer%20key%3E", oauth_token="%3Center%20your%20access%20token%3E", oauth_signature="9jNCQVGzyWoUCmUDeg2SDpn3qHI%3D"'}
2015-11-26 11:32:53,486 - requests_oauthlib.oauth1_auth - DEBUG - Updated body: u'track=a%2Cthe%2Ci%2Cyou%2Cu&language=en'
2015-11-26 11:32:53,486 - requests.packages.urllib3.connectionpool - INFO - Starting new HTTPS connection (8): stream.twitter.com
2015-11-26 11:32:53,567 - requests.packages.urllib3.connectionpool - DEBUG - "POST /1.1/statuses/filter.json?delimited=length HTTP/1.1" 401 283
2015-11-26 11:38:13,665 - requests_oauthlib.oauth1_auth - DEBUG - Signing request <PreparedRequest [POST]> using client <Client nonce=None, signature_method=HMAC-SHA1, realm=None, encoding=utf-8, timestamp=None, resource_owner_secret=****, decoding=None, verifier=None, signature_type=AUTH_HEADER, rsa_key=None, resource_owner_key=<enter your access token>, client_secret=****, callback_uri=None, client_key=<enter your consumer key>>
2015-11-26 11:38:13,665 - requests_oauthlib.oauth1_auth - DEBUG - Including body in call to sign: True
2015-11-26 11:38:13,666 - oauthlib.oauth1.rfc5849 - DEBUG - Collected params: [(u'delimited', u'length'), (u'oauth_nonce', u'150984087792098283011448537893'), (u'oauth_timestamp', u'1448537893'), (u'oauth_consumer_key', u'<enter your consumer key>'), (u'oauth_signature_method', u'HMAC-SHA1'), (u'oauth_version', u'1.0'), (u'oauth_token', u'<enter your access token>'), (u'track', u'a,the,i,you,u'), (u'language', u'en')]
2015-11-26 11:38:13,666 - oauthlib.oauth1.rfc5849 - DEBUG - Normalized params: delimited=length&language=en&oauth_consumer_key=%3Center%20your%20consumer%20key%3E&oauth_nonce=150984087792098283011448537893&oauth_signature_method=HMAC-SHA1&oauth_timestamp=1448537893&oauth_token=%3Center%20your%20access%20token%3E&oauth_version=1.0&track=a%2Cthe%2Ci%2Cyou%2Cu
2015-11-26 11:38:13,666 - oauthlib.oauth1.rfc5849 - DEBUG - Normalized URI: https://stream.twitter.com/1.1/statuses/filter.json
2015-11-26 11:38:13,666 - oauthlib.oauth1.rfc5849 - DEBUG - Base signing string: POST&https%3A%2F%2Fstream.twitter.com%2F1.1%2Fstatuses%2Ffilter.json&delimited%3Dlength%26language%3Den%26oauth_consumer_key%3D%253Center%2520your%2520consumer%2520key%253E%26oauth_nonce%3D150984087792098283011448537893%26oauth_signature_method%3DHMAC-SHA1%26oauth_timestamp%3D1448537893%26oauth_token%3D%253Center%2520your%2520access%2520token%253E%26oauth_version%3D1.0%26track%3Da%252Cthe%252Ci%252Cyou%252Cu
2015-11-26 11:38:13,667 - oauthlib.oauth1.rfc5849 - DEBUG - Signature: fkxfHHiPdcqjdmpKT+L2MoSo+b4=
2015-11-26 11:38:13,667 - requests_oauthlib.oauth1_auth - DEBUG - Updated url: https://stream.twitter.com/1.1/statuses/filter.json?delimited=length
2015-11-26 11:38:13,667 - requests_oauthlib.oauth1_auth - DEBUG - Updated headers: {u'Content-Length': u'39', u'Content-Type': u'application/x-www-form-urlencoded', u'Authorization': u'OAuth oauth_nonce="150984087792098283011448537893", oauth_timestamp="1448537893", oauth_version="1.0", oauth_signature_method="HMAC-SHA1", oauth_consumer_key="%3Center%20your%20consumer%20key%3E", oauth_token="%3Center%20your%20access%20token%3E", oauth_signature="fkxfHHiPdcqjdmpKT%2BL2MoSo%2Bb4%3D"'}
2015-11-26 11:38:13,667 - requests_oauthlib.oauth1_auth - DEBUG - Updated body: u'track=a%2Cthe%2Ci%2Cyou%2Cu&language=en'
2015-11-26 11:38:13,668 - requests.packages.urllib3.connectionpool - INFO - Starting new HTTPS connection (9): stream.twitter.com
2015-11-26 11:38:13,747 - requests.packages.urllib3.connectionpool - DEBUG - "POST /1.1/statuses/filter.json?delimited=length HTTP/1.1" 401 283
2015-11-26 11:43:33,841 - requests_oauthlib.oauth1_auth - DEBUG - Signing request <PreparedRequest [POST]> using client <Client nonce=None, signature_method=HMAC-SHA1, realm=None, encoding=utf-8, timestamp=None, resource_owner_secret=****, decoding=None, verifier=None, signature_type=AUTH_HEADER, rsa_key=None, resource_owner_key=<enter your access token>, client_secret=****, callback_uri=None, client_key=<enter your consumer key>>
2015-11-26 11:43:33,842 - requests_oauthlib.oauth1_auth - DEBUG - Including body in call to sign: True
2015-11-26 11:43:33,842 - oauthlib.oauth1.rfc5849 - DEBUG - Collected params: [(u'delimited', u'length'), (u'oauth_nonce', u'12794147531335422361448538213'), (u'oauth_timestamp', u'1448538213'), (u'oauth_consumer_key', u'<enter your consumer key>'), (u'oauth_signature_method', u'HMAC-SHA1'), (u'oauth_version', u'1.0'), (u'oauth_token', u'<enter your access token>'), (u'track', u'a,the,i,you,u'), (u'language', u'en')]
2015-11-26 11:43:33,843 - oauthlib.oauth1.rfc5849 - DEBUG - Normalized params: delimited=length&language=en&oauth_consumer_key=%3Center%20your%20consumer%20key%3E&oauth_nonce=12794147531335422361448538213&oauth_signature_method=HMAC-SHA1&oauth_timestamp=1448538213&oauth_token=%3Center%20your%20access%20token%3E&oauth_version=1.0&track=a%2Cthe%2Ci%2Cyou%2Cu
2015-11-26 11:43:33,843 - oauthlib.oauth1.rfc5849 - DEBUG - Normalized URI: https://stream.twitter.com/1.1/statuses/filter.json
2015-11-26 11:43:33,843 - oauthlib.oauth1.rfc5849 - DEBUG - Base signing string: POST&https%3A%2F%2Fstream.twitter.com%2F1.1%2Fstatuses%2Ffilter.json&delimited%3Dlength%26language%3Den%26oauth_consumer_key%3D%253Center%2520your%2520consumer%2520key%253E%26oauth_nonce%3D12794147531335422361448538213%26oauth_signature_method%3DHMAC-SHA1%26oauth_timestamp%3D1448538213%26oauth_token%3D%253Center%2520your%2520access%2520token%253E%26oauth_version%3D1.0%26track%3Da%252Cthe%252Ci%252Cyou%252Cu
2015-11-26 11:43:33,843 - oauthlib.oauth1.rfc5849 - DEBUG - Signature: Yo640dE78LNK2Ho2LGNpO7k0x1g=
2015-11-26 11:43:33,843 - requests_oauthlib.oauth1_auth - DEBUG - Updated url: https://stream.twitter.com/1.1/statuses/filter.json?delimited=length
2015-11-26 11:43:33,844 - requests_oauthlib.oauth1_auth - DEBUG - Updated headers: {u'Content-Length': u'39', u'Content-Type': u'application/x-www-form-urlencoded', u'Authorization': u'OAuth oauth_nonce="12794147531335422361448538213", oauth_timestamp="1448538213", oauth_version="1.0", oauth_signature_method="HMAC-SHA1", oauth_consumer_key="%3Center%20your%20consumer%20key%3E", oauth_token="%3Center%20your%20access%20token%3E", oauth_signature="Yo640dE78LNK2Ho2LGNpO7k0x1g%3D"'}
2015-11-26 11:43:33,844 - requests_oauthlib.oauth1_auth - DEBUG - Updated body: u'track=a%2Cthe%2Ci%2Cyou%2Cu&language=en'
2015-11-26 11:43:33,844 - requests.packages.urllib3.connectionpool - INFO - Starting new HTTPS connection (10): stream.twitter.com
2015-11-26 11:43:33,929 - requests.packages.urllib3.connectionpool - DEBUG - "POST /1.1/statuses/filter.json?delimited=length HTTP/1.1" 401 283
2015-11-26 11:48:54,032 - requests_oauthlib.oauth1_auth - DEBUG - Signing request <PreparedRequest [POST]> using client <Client nonce=None, signature_method=HMAC-SHA1, realm=None, encoding=utf-8, timestamp=None, resource_owner_secret=****, decoding=None, verifier=None, signature_type=AUTH_HEADER, rsa_key=None, resource_owner_key=<enter your access token>, client_secret=****, callback_uri=None, client_key=<enter your consumer key>>
2015-11-26 11:48:54,032 - requests_oauthlib.oauth1_auth - DEBUG - Including body in call to sign: True
2015-11-26 11:48:54,033 - oauthlib.oauth1.rfc5849 - DEBUG - Collected params: [(u'delimited', u'length'), (u'oauth_nonce', u'83315125903333610891448538534'), (u'oauth_timestamp', u'1448538534'), (u'oauth_consumer_key', u'<enter your consumer key>'), (u'oauth_signature_method', u'HMAC-SHA1'), (u'oauth_version', u'1.0'), (u'oauth_token', u'<enter your access token>'), (u'track', u'a,the,i,you,u'), (u'language', u'en')]
2015-11-26 11:48:54,033 - oauthlib.oauth1.rfc5849 - DEBUG - Normalized params: delimited=length&language=en&oauth_consumer_key=%3Center%20your%20consumer%20key%3E&oauth_nonce=83315125903333610891448538534&oauth_signature_method=HMAC-SHA1&oauth_timestamp=1448538534&oauth_token=%3Center%20your%20access%20token%3E&oauth_version=1.0&track=a%2Cthe%2Ci%2Cyou%2Cu
2015-11-26 11:48:54,033 - oauthlib.oauth1.rfc5849 - DEBUG - Normalized URI: https://stream.twitter.com/1.1/statuses/filter.json
2015-11-26 11:48:54,033 - oauthlib.oauth1.rfc5849 - DEBUG - Base signing string: POST&https%3A%2F%2Fstream.twitter.com%2F1.1%2Fstatuses%2Ffilter.json&delimited%3Dlength%26language%3Den%26oauth_consumer_key%3D%253Center%2520your%2520consumer%2520key%253E%26oauth_nonce%3D83315125903333610891448538534%26oauth_signature_method%3DHMAC-SHA1%26oauth_timestamp%3D1448538534%26oauth_token%3D%253Center%2520your%2520access%2520token%253E%26oauth_version%3D1.0%26track%3Da%252Cthe%252Ci%252Cyou%252Cu
2015-11-26 11:48:54,033 - oauthlib.oauth1.rfc5849 - DEBUG - Signature: Sl+sri96tujZG0Dl9gr8h7DQKSg=
2015-11-26 11:48:54,034 - requests_oauthlib.oauth1_auth - DEBUG - Updated url: https://stream.twitter.com/1.1/statuses/filter.json?delimited=length
2015-11-26 11:48:54,034 - requests_oauthlib.oauth1_auth - DEBUG - Updated headers: {u'Content-Length': u'39', u'Content-Type': u'application/x-www-form-urlencoded', u'Authorization': u'OAuth oauth_nonce="83315125903333610891448538534", oauth_timestamp="1448538534", oauth_version="1.0", oauth_signature_method="HMAC-SHA1", oauth_consumer_key="%3Center%20your%20consumer%20key%3E", oauth_token="%3Center%20your%20access%20token%3E", oauth_signature="Sl%2Bsri96tujZG0Dl9gr8h7DQKSg%3D"'}
2015-11-26 11:48:54,034 - requests_oauthlib.oauth1_auth - DEBUG - Updated body: u'track=a%2Cthe%2Ci%2Cyou%2Cu&language=en'
2015-11-26 11:48:54,034 - requests.packages.urllib3.connectionpool - INFO - Starting new HTTPS connection (11): stream.twitter.com
2015-11-26 11:48:54,117 - requests.packages.urllib3.connectionpool - DEBUG - "POST /1.1/statuses/filter.json?delimited=length HTTP/1.1" 401 283
2015-11-26 11:54:14,211 - requests_oauthlib.oauth1_auth - DEBUG - Signing request <PreparedRequest [POST]> using client <Client nonce=None, signature_method=HMAC-SHA1, realm=None, encoding=utf-8, timestamp=None, resource_owner_secret=****, decoding=None, verifier=None, signature_type=AUTH_HEADER, rsa_key=None, resource_owner_key=<enter your access token>, client_secret=****, callback_uri=None, client_key=<enter your consumer key>>
2015-11-26 11:54:14,213 - requests_oauthlib.oauth1_auth - DEBUG - Including body in call to sign: True
2015-11-26 11:54:14,214 - oauthlib.oauth1.rfc5849 - DEBUG - Collected params: [(u'delimited', u'length'), (u'oauth_nonce', u'52297438573200646371448538854'), (u'oauth_timestamp', u'1448538854'), (u'oauth_consumer_key', u'<enter your consumer key>'), (u'oauth_signature_method', u'HMAC-SHA1'), (u'oauth_version', u'1.0'), (u'oauth_token', u'<enter your access token>'), (u'track', u'a,the,i,you,u'), (u'language', u'en')]
2015-11-26 11:54:14,214 - oauthlib.oauth1.rfc5849 - DEBUG - Normalized params: delimited=length&language=en&oauth_consumer_key=%3Center%20your%20consumer%20key%3E&oauth_nonce=52297438573200646371448538854&oauth_signature_method=HMAC-SHA1&oauth_timestamp=1448538854&oauth_token=%3Center%20your%20access%20token%3E&oauth_version=1.0&track=a%2Cthe%2Ci%2Cyou%2Cu
2015-11-26 11:54:14,214 - oauthlib.oauth1.rfc5849 - DEBUG - Normalized URI: https://stream.twitter.com/1.1/statuses/filter.json
2015-11-26 11:54:14,214 - oauthlib.oauth1.rfc5849 - DEBUG - Base signing string: POST&https%3A%2F%2Fstream.twitter.com%2F1.1%2Fstatuses%2Ffilter.json&delimited%3Dlength%26language%3Den%26oauth_consumer_key%3D%253Center%2520your%2520consumer%2520key%253E%26oauth_nonce%3D52297438573200646371448538854%26oauth_signature_method%3DHMAC-SHA1%26oauth_timestamp%3D1448538854%26oauth_token%3D%253Center%2520your%2520access%2520token%253E%26oauth_version%3D1.0%26track%3Da%252Cthe%252Ci%252Cyou%252Cu
2015-11-26 11:54:14,214 - oauthlib.oauth1.rfc5849 - DEBUG - Signature: 0x2ocuVuItXIbNGSOsaDM+I5RPM=
2015-11-26 11:54:14,215 - requests_oauthlib.oauth1_auth - DEBUG - Updated url: https://stream.twitter.com/1.1/statuses/filter.json?delimited=length
2015-11-26 11:54:14,215 - requests_oauthlib.oauth1_auth - DEBUG - Updated headers: {u'Content-Length': u'39', u'Content-Type': u'application/x-www-form-urlencoded', u'Authorization': u'OAuth oauth_nonce="52297438573200646371448538854", oauth_timestamp="1448538854", oauth_version="1.0", oauth_signature_method="HMAC-SHA1", oauth_consumer_key="%3Center%20your%20consumer%20key%3E", oauth_token="%3Center%20your%20access%20token%3E", oauth_signature="0x2ocuVuItXIbNGSOsaDM%2BI5RPM%3D"'}
2015-11-26 11:54:14,215 - requests_oauthlib.oauth1_auth - DEBUG - Updated body: u'track=a%2Cthe%2Ci%2Cyou%2Cu&language=en'
2015-11-26 11:54:14,215 - requests.packages.urllib3.connectionpool - INFO - Starting new HTTPS connection (12): stream.twitter.com
2015-11-26 11:54:14,294 - requests.packages.urllib3.connectionpool - DEBUG - "POST /1.1/statuses/filter.json?delimited=length HTTP/1.1" 401 283
2015-11-26 11:59:34,397 - requests_oauthlib.oauth1_auth - DEBUG - Signing request <PreparedRequest [POST]> using client <Client nonce=None, signature_method=HMAC-SHA1, realm=None, encoding=utf-8, timestamp=None, resource_owner_secret=****, decoding=None, verifier=None, signature_type=AUTH_HEADER, rsa_key=None, resource_owner_key=<enter your access token>, client_secret=****, callback_uri=None, client_key=<enter your consumer key>>
2015-11-26 11:59:34,422 - requests_oauthlib.oauth1_auth - DEBUG - Including body in call to sign: True
2015-11-26 11:59:34,423 - oauthlib.oauth1.rfc5849 - DEBUG - Collected params: [(u'delimited', u'length'), (u'oauth_nonce', u'112103976135654291241448539174'), (u'oauth_timestamp', u'1448539174'), (u'oauth_consumer_key', u'<enter your consumer key>'), (u'oauth_signature_method', u'HMAC-SHA1'), (u'oauth_version', u'1.0'), (u'oauth_token', u'<enter your access token>'), (u'track', u'a,the,i,you,u'), (u'language', u'en')]
2015-11-26 11:59:34,426 - oauthlib.oauth1.rfc5849 - DEBUG - Normalized params: delimited=length&language=en&oauth_consumer_key=%3Center%20your%20consumer%20key%3E&oauth_nonce=112103976135654291241448539174&oauth_signature_method=HMAC-SHA1&oauth_timestamp=1448539174&oauth_token=%3Center%20your%20access%20token%3E&oauth_version=1.0&track=a%2Cthe%2Ci%2Cyou%2Cu
2015-11-26 11:59:34,426 - oauthlib.oauth1.rfc5849 - DEBUG - Normalized URI: https://stream.twitter.com/1.1/statuses/filter.json
2015-11-26 11:59:34,426 - oauthlib.oauth1.rfc5849 - DEBUG - Base signing string: POST&https%3A%2F%2Fstream.twitter.com%2F1.1%2Fstatuses%2Ffilter.json&delimited%3Dlength%26language%3Den%26oauth_consumer_key%3D%253Center%2520your%2520consumer%2520key%253E%26oauth_nonce%3D112103976135654291241448539174%26oauth_signature_method%3DHMAC-SHA1%26oauth_timestamp%3D1448539174%26oauth_token%3D%253Center%2520your%2520access%2520token%253E%26oauth_version%3D1.0%26track%3Da%252Cthe%252Ci%252Cyou%252Cu
2015-11-26 11:59:34,426 - oauthlib.oauth1.rfc5849 - DEBUG - Signature: HlhfGYMc3bZVP94mGeNiwB8ffyg=
2015-11-26 11:59:34,426 - requests_oauthlib.oauth1_auth - DEBUG - Updated url: https://stream.twitter.com/1.1/statuses/filter.json?delimited=length
2015-11-26 11:59:34,427 - requests_oauthlib.oauth1_auth - DEBUG - Updated headers: {u'Content-Length': u'39', u'Content-Type': u'application/x-www-form-urlencoded', u'Authorization': u'OAuth oauth_nonce="112103976135654291241448539174", oauth_timestamp="1448539174", oauth_version="1.0", oauth_signature_method="HMAC-SHA1", oauth_consumer_key="%3Center%20your%20consumer%20key%3E", oauth_token="%3Center%20your%20access%20token%3E", oauth_signature="HlhfGYMc3bZVP94mGeNiwB8ffyg%3D"'}
2015-11-26 11:59:34,427 - requests_oauthlib.oauth1_auth - DEBUG - Updated body: u'track=a%2Cthe%2Ci%2Cyou%2Cu&language=en'
2015-11-26 11:59:34,427 - requests.packages.urllib3.connectionpool - INFO - Starting new HTTPS connection (13): stream.twitter.com
2015-11-26 11:59:34,660 - requests.packages.urllib3.connectionpool - DEBUG - "POST /1.1/statuses/filter.json?delimited=length HTTP/1.1" 401 283
2015-11-26 12:04:54,731 - requests_oauthlib.oauth1_auth - DEBUG - Signing request <PreparedRequest [POST]> using client <Client nonce=None, signature_method=HMAC-SHA1, realm=None, encoding=utf-8, timestamp=None, resource_owner_secret=****, decoding=None, verifier=None, signature_type=AUTH_HEADER, rsa_key=None, resource_owner_key=<enter your access token>, client_secret=****, callback_uri=None, client_key=<enter your consumer key>>
2015-11-26 12:04:54,731 - requests_oauthlib.oauth1_auth - DEBUG - Including body in call to sign: True
2015-11-26 12:04:54,732 - oauthlib.oauth1.rfc5849 - DEBUG - Collected params: [(u'delimited', u'length'), (u'oauth_nonce', u'2882631861722695981448539494'), (u'oauth_timestamp', u'1448539494'), (u'oauth_consumer_key', u'<enter your consumer key>'), (u'oauth_signature_method', u'HMAC-SHA1'), (u'oauth_version', u'1.0'), (u'oauth_token', u'<enter your access token>'), (u'track', u'a,the,i,you,u'), (u'language', u'en')]
2015-11-26 12:04:54,732 - oauthlib.oauth1.rfc5849 - DEBUG - Normalized params: delimited=length&language=en&oauth_consumer_key=%3Center%20your%20consumer%20key%3E&oauth_nonce=2882631861722695981448539494&oauth_signature_method=HMAC-SHA1&oauth_timestamp=1448539494&oauth_token=%3Center%20your%20access%20token%3E&oauth_version=1.0&track=a%2Cthe%2Ci%2Cyou%2Cu
2015-11-26 12:04:54,733 - oauthlib.oauth1.rfc5849 - DEBUG - Normalized URI: https://stream.twitter.com/1.1/statuses/filter.json
2015-11-26 12:04:54,733 - oauthlib.oauth1.rfc5849 - DEBUG - Base signing string: POST&https%3A%2F%2Fstream.twitter.com%2F1.1%2Fstatuses%2Ffilter.json&delimited%3Dlength%26language%3Den%26oauth_consumer_key%3D%253Center%2520your%2520consumer%2520key%253E%26oauth_nonce%3D2882631861722695981448539494%26oauth_signature_method%3DHMAC-SHA1%26oauth_timestamp%3D1448539494%26oauth_token%3D%253Center%2520your%2520access%2520token%253E%26oauth_version%3D1.0%26track%3Da%252Cthe%252Ci%252Cyou%252Cu
2015-11-26 12:04:54,733 - oauthlib.oauth1.rfc5849 - DEBUG - Signature: XFm79WTPvWuj7yFhcM9Lmhhaskc=
2015-11-26 12:04:54,733 - requests_oauthlib.oauth1_auth - DEBUG - Updated url: https://stream.twitter.com/1.1/statuses/filter.json?delimited=length
2015-11-26 12:04:54,733 - requests_oauthlib.oauth1_auth - DEBUG - Updated headers: {u'Content-Length': u'39', u'Content-Type': u'application/x-www-form-urlencoded', u'Authorization': u'OAuth oauth_nonce="2882631861722695981448539494", oauth_timestamp="1448539494", oauth_version="1.0", oauth_signature_method="HMAC-SHA1", oauth_consumer_key="%3Center%20your%20consumer%20key%3E", oauth_token="%3Center%20your%20access%20token%3E", oauth_signature="XFm79WTPvWuj7yFhcM9Lmhhaskc%3D"'}
2015-11-26 12:04:54,733 - requests_oauthlib.oauth1_auth - DEBUG - Updated body: u'track=a%2Cthe%2Ci%2Cyou%2Cu&language=en'
2015-11-26 12:04:54,734 - requests.packages.urllib3.connectionpool - INFO - Starting new HTTPS connection (14): stream.twitter.com
2015-11-26 12:04:54,809 - requests.packages.urllib3.connectionpool - DEBUG - "POST /1.1/statuses/filter.json?delimited=length HTTP/1.1" 401 283
2015-11-26 12:10:14,911 - requests_oauthlib.oauth1_auth - DEBUG - Signing request <PreparedRequest [POST]> using client <Client nonce=None, signature_method=HMAC-SHA1, realm=None, encoding=utf-8, timestamp=None, resource_owner_secret=****, decoding=None, verifier=None, signature_type=AUTH_HEADER, rsa_key=None, resource_owner_key=<enter your access token>, client_secret=****, callback_uri=None, client_key=<enter your consumer key>>
2015-11-26 12:10:14,912 - requests_oauthlib.oauth1_auth - DEBUG - Including body in call to sign: True
2015-11-26 12:10:14,921 - oauthlib.oauth1.rfc5849 - DEBUG - Collected params: [(u'delimited', u'length'), (u'oauth_nonce', u'166651906732785109131448539814'), (u'oauth_timestamp', u'1448539814'), (u'oauth_consumer_key', u'<enter your consumer key>'), (u'oauth_signature_method', u'HMAC-SHA1'), (u'oauth_version', u'1.0'), (u'oauth_token', u'<enter your access token>'), (u'track', u'a,the,i,you,u'), (u'language', u'en')]
2015-11-26 12:10:14,921 - oauthlib.oauth1.rfc5849 - DEBUG - Normalized params: delimited=length&language=en&oauth_consumer_key=%3Center%20your%20consumer%20key%3E&oauth_nonce=166651906732785109131448539814&oauth_signature_method=HMAC-SHA1&oauth_timestamp=1448539814&oauth_token=%3Center%20your%20access%20token%3E&oauth_version=1.0&track=a%2Cthe%2Ci%2Cyou%2Cu
2015-11-26 12:10:14,921 - oauthlib.oauth1.rfc5849 - DEBUG - Normalized URI: https://stream.twitter.com/1.1/statuses/filter.json
2015-11-26 12:10:14,921 - oauthlib.oauth1.rfc5849 - DEBUG - Base signing string: POST&https%3A%2F%2Fstream.twitter.com%2F1.1%2Fstatuses%2Ffilter.json&delimited%3Dlength%26language%3Den%26oauth_consumer_key%3D%253Center%2520your%2520consumer%2520key%253E%26oauth_nonce%3D166651906732785109131448539814%26oauth_signature_method%3DHMAC-SHA1%26oauth_timestamp%3D1448539814%26oauth_token%3D%253Center%2520your%2520access%2520token%253E%26oauth_version%3D1.0%26track%3Da%252Cthe%252Ci%252Cyou%252Cu
2015-11-26 12:10:14,921 - oauthlib.oauth1.rfc5849 - DEBUG - Signature: 3AikcuxGcdhsYsBZ4ANGybcNITY=
2015-11-26 12:10:14,922 - requests_oauthlib.oauth1_auth - DEBUG - Updated url: https://stream.twitter.com/1.1/statuses/filter.json?delimited=length
2015-11-26 12:10:14,922 - requests_oauthlib.oauth1_auth - DEBUG - Updated headers: {u'Content-Length': u'39', u'Content-Type': u'application/x-www-form-urlencoded', u'Authorization': u'OAuth oauth_nonce="166651906732785109131448539814", oauth_timestamp="1448539814", oauth_version="1.0", oauth_signature_method="HMAC-SHA1", oauth_consumer_key="%3Center%20your%20consumer%20key%3E", oauth_token="%3Center%20your%20access%20token%3E", oauth_signature="3AikcuxGcdhsYsBZ4ANGybcNITY%3D"'}
2015-11-26 12:10:14,922 - requests_oauthlib.oauth1_auth - DEBUG - Updated body: u'track=a%2Cthe%2Ci%2Cyou%2Cu&language=en'
2015-11-26 12:10:14,922 - requests.packages.urllib3.connectionpool - INFO - Starting new HTTPS connection (15): stream.twitter.com
2015-11-26 12:10:14,997 - requests.packages.urllib3.connectionpool - DEBUG - "POST /1.1/statuses/filter.json?delimited=length HTTP/1.1" 401 283
