2015-11-29 10:48:56,313 - requests_oauthlib.oauth1_auth - DEBUG - Signing request <PreparedRequest [POST]> using client <Client nonce=None, signature_method=HMAC-SHA1, realm=None, encoding=utf-8, timestamp=None, resource_owner_secret=****, decoding=None, verifier=None, signature_type=AUTH_HEADER, rsa_key=None, resource_owner_key=149939938-Meyglx1MDT9XQZttB2bSyVrcVtGlBtiZwI4Ct77E, client_secret=****, callback_uri=None, client_key=7zKulgQh8LNKDk6uv95LGJU9l>
2015-11-29 10:48:56,313 - requests_oauthlib.oauth1_auth - DEBUG - Including body in call to sign: True
2015-11-29 10:48:56,314 - oauthlib.oauth1.rfc5849 - DEBUG - Collected params: [(u'delimited', u'length'), (u'oauth_nonce', u'134615485785510646101448754536'), (u'oauth_timestamp', u'1448754536'), (u'oauth_consumer_key', u'7zKulgQh8LNKDk6uv95LGJU9l'), (u'oauth_signature_method', u'HMAC-SHA1'), (u'oauth_version', u'1.0'), (u'oauth_token', u'149939938-Meyglx1MDT9XQZttB2bSyVrcVtGlBtiZwI4Ct77E'), (u'track', u'a,the,i,you,u'), (u'language', u'en')]
2015-11-29 10:48:56,315 - oauthlib.oauth1.rfc5849 - DEBUG - Normalized params: delimited=length&language=en&oauth_consumer_key=7zKulgQh8LNKDk6uv95LGJU9l&oauth_nonce=134615485785510646101448754536&oauth_signature_method=HMAC-SHA1&oauth_timestamp=1448754536&oauth_token=149939938-Meyglx1MDT9XQZttB2bSyVrcVtGlBtiZwI4Ct77E&oauth_version=1.0&track=a%2Cthe%2Ci%2Cyou%2Cu
2015-11-29 10:48:56,315 - oauthlib.oauth1.rfc5849 - DEBUG - Normalized URI: https://stream.twitter.com/1.1/statuses/filter.json
2015-11-29 10:48:56,315 - oauthlib.oauth1.rfc5849 - DEBUG - Base signing string: POST&https%3A%2F%2Fstream.twitter.com%2F1.1%2Fstatuses%2Ffilter.json&delimited%3Dlength%26language%3Den%26oauth_consumer_key%3D7zKulgQh8LNKDk6uv95LGJU9l%26oauth_nonce%3D134615485785510646101448754536%26oauth_signature_method%3DHMAC-SHA1%26oauth_timestamp%3D1448754536%26oauth_token%3D149939938-Meyglx1MDT9XQZttB2bSyVrcVtGlBtiZwI4Ct77E%26oauth_version%3D1.0%26track%3Da%252Cthe%252Ci%252Cyou%252Cu
2015-11-29 10:48:56,316 - oauthlib.oauth1.rfc5849 - DEBUG - Signature: U4XKjKwJ4e1LzJKx3Etq8U/RWTw=
2015-11-29 10:48:56,316 - requests_oauthlib.oauth1_auth - DEBUG - Updated url: https://stream.twitter.com/1.1/statuses/filter.json?delimited=length
2015-11-29 10:48:56,316 - requests_oauthlib.oauth1_auth - DEBUG - Updated headers: {u'Content-Length': u'39', u'Content-Type': u'application/x-www-form-urlencoded', u'Authorization': u'OAuth oauth_nonce="134615485785510646101448754536", oauth_timestamp="1448754536", oauth_version="1.0", oauth_signature_method="HMAC-SHA1", oauth_consumer_key="7zKulgQh8LNKDk6uv95LGJU9l", oauth_token="149939938-Meyglx1MDT9XQZttB2bSyVrcVtGlBtiZwI4Ct77E", oauth_signature="U4XKjKwJ4e1LzJKx3Etq8U%2FRWTw%3D"'}
2015-11-29 10:48:56,317 - requests_oauthlib.oauth1_auth - DEBUG - Updated body: u'track=a%2Cthe%2Ci%2Cyou%2Cu&language=en'
2015-11-29 10:48:56,318 - requests.packages.urllib3.connectionpool - INFO - Starting new HTTPS connection (1): stream.twitter.com
2015-11-29 10:48:57,940 - requests.packages.urllib3.connectionpool - DEBUG - "POST /1.1/statuses/filter.json?delimited=length HTTP/1.1" 420 36
2015-11-29 10:49:57,999 - requests_oauthlib.oauth1_auth - DEBUG - Signing request <PreparedRequest [POST]> using client <Client nonce=None, signature_method=HMAC-SHA1, realm=None, encoding=utf-8, timestamp=None, resource_owner_secret=****, decoding=None, verifier=None, signature_type=AUTH_HEADER, rsa_key=None, resource_owner_key=149939938-Meyglx1MDT9XQZttB2bSyVrcVtGlBtiZwI4Ct77E, client_secret=****, callback_uri=None, client_key=7zKulgQh8LNKDk6uv95LGJU9l>
2015-11-29 10:49:57,999 - requests_oauthlib.oauth1_auth - DEBUG - Including body in call to sign: True
2015-11-29 10:49:58,001 - oauthlib.oauth1.rfc5849 - DEBUG - Collected params: [(u'delimited', u'length'), (u'oauth_nonce', u'72614500617180231351448754598'), (u'oauth_timestamp', u'1448754598'), (u'oauth_consumer_key', u'7zKulgQh8LNKDk6uv95LGJU9l'), (u'oauth_signature_method', u'HMAC-SHA1'), (u'oauth_version', u'1.0'), (u'oauth_token', u'149939938-Meyglx1MDT9XQZttB2bSyVrcVtGlBtiZwI4Ct77E'), (u'track', u'a,the,i,you,u'), (u'language', u'en')]
2015-11-29 10:49:58,001 - oauthlib.oauth1.rfc5849 - DEBUG - Normalized params: delimited=length&language=en&oauth_consumer_key=7zKulgQh8LNKDk6uv95LGJU9l&oauth_nonce=72614500617180231351448754598&oauth_signature_method=HMAC-SHA1&oauth_timestamp=1448754598&oauth_token=149939938-Meyglx1MDT9XQZttB2bSyVrcVtGlBtiZwI4Ct77E&oauth_version=1.0&track=a%2Cthe%2Ci%2Cyou%2Cu
2015-11-29 10:49:58,002 - oauthlib.oauth1.rfc5849 - DEBUG - Normalized URI: https://stream.twitter.com/1.1/statuses/filter.json
2015-11-29 10:49:58,002 - oauthlib.oauth1.rfc5849 - DEBUG - Base signing string: POST&https%3A%2F%2Fstream.twitter.com%2F1.1%2Fstatuses%2Ffilter.json&delimited%3Dlength%26language%3Den%26oauth_consumer_key%3D7zKulgQh8LNKDk6uv95LGJU9l%26oauth_nonce%3D72614500617180231351448754598%26oauth_signature_method%3DHMAC-SHA1%26oauth_timestamp%3D1448754598%26oauth_token%3D149939938-Meyglx1MDT9XQZttB2bSyVrcVtGlBtiZwI4Ct77E%26oauth_version%3D1.0%26track%3Da%252Cthe%252Ci%252Cyou%252Cu
2015-11-29 10:49:58,002 - oauthlib.oauth1.rfc5849 - DEBUG - Signature: wHCZnzR+J9VsgXC9lCWJ9rr2AAo=
2015-11-29 10:49:58,003 - requests_oauthlib.oauth1_auth - DEBUG - Updated url: https://stream.twitter.com/1.1/statuses/filter.json?delimited=length
2015-11-29 10:49:58,003 - requests_oauthlib.oauth1_auth - DEBUG - Updated headers: {u'Content-Length': u'39', u'Content-Type': u'application/x-www-form-urlencoded', u'Authorization': u'OAuth oauth_nonce="72614500617180231351448754598", oauth_timestamp="1448754598", oauth_version="1.0", oauth_signature_method="HMAC-SHA1", oauth_consumer_key="7zKulgQh8LNKDk6uv95LGJU9l", oauth_token="149939938-Meyglx1MDT9XQZttB2bSyVrcVtGlBtiZwI4Ct77E", oauth_signature="wHCZnzR%2BJ9VsgXC9lCWJ9rr2AAo%3D"'}
2015-11-29 10:49:58,003 - requests_oauthlib.oauth1_auth - DEBUG - Updated body: u'track=a%2Cthe%2Ci%2Cyou%2Cu&language=en'
2015-11-29 10:49:58,004 - requests.packages.urllib3.connectionpool - INFO - Starting new HTTPS connection (2): stream.twitter.com
2015-11-29 10:50:09,610 - requests.packages.urllib3.connectionpool - DEBUG - "POST /1.1/statuses/filter.json?delimited=length HTTP/1.1" 503 63
2015-11-29 10:52:09,684 - requests_oauthlib.oauth1_auth - DEBUG - Signing request <PreparedRequest [POST]> using client <Client nonce=None, signature_method=HMAC-SHA1, realm=None, encoding=utf-8, timestamp=None, resource_owner_secret=****, decoding=None, verifier=None, signature_type=AUTH_HEADER, rsa_key=None, resource_owner_key=149939938-Meyglx1MDT9XQZttB2bSyVrcVtGlBtiZwI4Ct77E, client_secret=****, callback_uri=None, client_key=7zKulgQh8LNKDk6uv95LGJU9l>
2015-11-29 10:52:09,685 - requests_oauthlib.oauth1_auth - DEBUG - Including body in call to sign: True
2015-11-29 10:52:09,686 - oauthlib.oauth1.rfc5849 - DEBUG - Collected params: [(u'delimited', u'length'), (u'oauth_nonce', u'127850884117520627731448754729'), (u'oauth_timestamp', u'1448754729'), (u'oauth_consumer_key', u'7zKulgQh8LNKDk6uv95LGJU9l'), (u'oauth_signature_method', u'HMAC-SHA1'), (u'oauth_version', u'1.0'), (u'oauth_token', u'149939938-Meyglx1MDT9XQZttB2bSyVrcVtGlBtiZwI4Ct77E'), (u'track', u'a,the,i,you,u'), (u'language', u'en')]
2015-11-29 10:52:09,687 - oauthlib.oauth1.rfc5849 - DEBUG - Normalized params: delimited=length&language=en&oauth_consumer_key=7zKulgQh8LNKDk6uv95LGJU9l&oauth_nonce=127850884117520627731448754729&oauth_signature_method=HMAC-SHA1&oauth_timestamp=1448754729&oauth_token=149939938-Meyglx1MDT9XQZttB2bSyVrcVtGlBtiZwI4Ct77E&oauth_version=1.0&track=a%2Cthe%2Ci%2Cyou%2Cu
2015-11-29 10:52:09,687 - oauthlib.oauth1.rfc5849 - DEBUG - Normalized URI: https://stream.twitter.com/1.1/statuses/filter.json
2015-11-29 10:52:09,687 - oauthlib.oauth1.rfc5849 - DEBUG - Base signing string: POST&https%3A%2F%2Fstream.twitter.com%2F1.1%2Fstatuses%2Ffilter.json&delimited%3Dlength%26language%3Den%26oauth_consumer_key%3D7zKulgQh8LNKDk6uv95LGJU9l%26oauth_nonce%3D127850884117520627731448754729%26oauth_signature_method%3DHMAC-SHA1%26oauth_timestamp%3D1448754729%26oauth_token%3D149939938-Meyglx1MDT9XQZttB2bSyVrcVtGlBtiZwI4Ct77E%26oauth_version%3D1.0%26track%3Da%252Cthe%252Ci%252Cyou%252Cu
2015-11-29 10:52:09,688 - oauthlib.oauth1.rfc5849 - DEBUG - Signature: yG3GhiW+/gBNxnk9aA2NXwbhuic=
2015-11-29 10:52:09,688 - requests_oauthlib.oauth1_auth - DEBUG - Updated url: https://stream.twitter.com/1.1/statuses/filter.json?delimited=length
2015-11-29 10:52:09,688 - requests_oauthlib.oauth1_auth - DEBUG - Updated headers: {u'Content-Length': u'39', u'Content-Type': u'application/x-www-form-urlencoded', u'Authorization': u'OAuth oauth_nonce="127850884117520627731448754729", oauth_timestamp="1448754729", oauth_version="1.0", oauth_signature_method="HMAC-SHA1", oauth_consumer_key="7zKulgQh8LNKDk6uv95LGJU9l", oauth_token="149939938-Meyglx1MDT9XQZttB2bSyVrcVtGlBtiZwI4Ct77E", oauth_signature="yG3GhiW%2B%2FgBNxnk9aA2NXwbhuic%3D"'}
2015-11-29 10:52:09,689 - requests_oauthlib.oauth1_auth - DEBUG - Updated body: u'track=a%2Cthe%2Ci%2Cyou%2Cu&language=en'
2015-11-29 10:52:09,690 - requests.packages.urllib3.connectionpool - INFO - Starting new HTTPS connection (3): stream.twitter.com
2015-11-29 10:52:11,359 - requests.packages.urllib3.connectionpool - DEBUG - "POST /1.1/statuses/filter.json?delimited=length HTTP/1.1" 200 None
