2015-11-28 23:12:07,761 - requests_oauthlib.oauth1_auth - DEBUG - Signing request <PreparedRequest [POST]> using client <Client nonce=None, signature_method=HMAC-SHA1, realm=None, encoding=utf-8, timestamp=None, resource_owner_secret=****, decoding=None, verifier=None, signature_type=AUTH_HEADER, rsa_key=None, resource_owner_key=149939938-Meyglx1MDT9XQZttB2bSyVrcVtGlBtiZwI4Ct77E, client_secret=****, callback_uri=None, client_key=7zKulgQh8LNKDk6uv95LGJU9l>
2015-11-28 23:12:07,762 - requests_oauthlib.oauth1_auth - DEBUG - Including body in call to sign: True
2015-11-28 23:12:07,765 - oauthlib.oauth1.rfc5849 - DEBUG - Collected params: [(u'delimited', u'length'), (u'oauth_nonce', u'26512538662573721821448712727'), (u'oauth_timestamp', u'1448712727'), (u'oauth_consumer_key', u'7zKulgQh8LNKDk6uv95LGJU9l'), (u'oauth_signature_method', u'HMAC-SHA1'), (u'oauth_version', u'1.0'), (u'oauth_token', u'149939938-Meyglx1MDT9XQZttB2bSyVrcVtGlBtiZwI4Ct77E'), (u'track', u'a,the,i,you,u'), (u'language', u'en')]
2015-11-28 23:12:07,765 - oauthlib.oauth1.rfc5849 - DEBUG - Normalized params: delimited=length&language=en&oauth_consumer_key=7zKulgQh8LNKDk6uv95LGJU9l&oauth_nonce=26512538662573721821448712727&oauth_signature_method=HMAC-SHA1&oauth_timestamp=1448712727&oauth_token=149939938-Meyglx1MDT9XQZttB2bSyVrcVtGlBtiZwI4Ct77E&oauth_version=1.0&track=a%2Cthe%2Ci%2Cyou%2Cu
2015-11-28 23:12:07,765 - oauthlib.oauth1.rfc5849 - DEBUG - Normalized URI: https://stream.twitter.com/1.1/statuses/filter.json
2015-11-28 23:12:07,766 - oauthlib.oauth1.rfc5849 - DEBUG - Base signing string: POST&https%3A%2F%2Fstream.twitter.com%2F1.1%2Fstatuses%2Ffilter.json&delimited%3Dlength%26language%3Den%26oauth_consumer_key%3D7zKulgQh8LNKDk6uv95LGJU9l%26oauth_nonce%3D26512538662573721821448712727%26oauth_signature_method%3DHMAC-SHA1%26oauth_timestamp%3D1448712727%26oauth_token%3D149939938-Meyglx1MDT9XQZttB2bSyVrcVtGlBtiZwI4Ct77E%26oauth_version%3D1.0%26track%3Da%252Cthe%252Ci%252Cyou%252Cu
2015-11-28 23:12:07,766 - oauthlib.oauth1.rfc5849 - DEBUG - Signature: xMlX/V4pQR+GZImXMD9p1l+JvBg=
2015-11-28 23:12:07,766 - requests_oauthlib.oauth1_auth - DEBUG - Updated url: https://stream.twitter.com/1.1/statuses/filter.json?delimited=length
2015-11-28 23:12:07,766 - requests_oauthlib.oauth1_auth - DEBUG - Updated headers: {u'Content-Length': u'39', u'Content-Type': u'application/x-www-form-urlencoded', u'Authorization': u'OAuth oauth_nonce="26512538662573721821448712727", oauth_timestamp="1448712727", oauth_version="1.0", oauth_signature_method="HMAC-SHA1", oauth_consumer_key="7zKulgQh8LNKDk6uv95LGJU9l", oauth_token="149939938-Meyglx1MDT9XQZttB2bSyVrcVtGlBtiZwI4Ct77E", oauth_signature="xMlX%2FV4pQR%2BGZImXMD9p1l%2BJvBg%3D"'}
2015-11-28 23:12:07,766 - requests_oauthlib.oauth1_auth - DEBUG - Updated body: u'track=a%2Cthe%2Ci%2Cyou%2Cu&language=en'
2015-11-28 23:12:07,772 - requests.packages.urllib3.connectionpool - INFO - Starting new HTTPS connection (1): stream.twitter.com
2015-11-28 23:12:09,193 - requests.packages.urllib3.connectionpool - DEBUG - "POST /1.1/statuses/filter.json?delimited=length HTTP/1.1" 420 36
2015-11-28 23:13:09,249 - requests_oauthlib.oauth1_auth - DEBUG - Signing request <PreparedRequest [POST]> using client <Client nonce=None, signature_method=HMAC-SHA1, realm=None, encoding=utf-8, timestamp=None, resource_owner_secret=****, decoding=None, verifier=None, signature_type=AUTH_HEADER, rsa_key=None, resource_owner_key=149939938-Meyglx1MDT9XQZttB2bSyVrcVtGlBtiZwI4Ct77E, client_secret=****, callback_uri=None, client_key=7zKulgQh8LNKDk6uv95LGJU9l>
2015-11-28 23:13:09,249 - requests_oauthlib.oauth1_auth - DEBUG - Including body in call to sign: True
2015-11-28 23:13:09,250 - oauthlib.oauth1.rfc5849 - DEBUG - Collected params: [(u'delimited', u'length'), (u'oauth_nonce', u'84590557732025747621448712789'), (u'oauth_timestamp', u'1448712789'), (u'oauth_consumer_key', u'7zKulgQh8LNKDk6uv95LGJU9l'), (u'oauth_signature_method', u'HMAC-SHA1'), (u'oauth_version', u'1.0'), (u'oauth_token', u'149939938-Meyglx1MDT9XQZttB2bSyVrcVtGlBtiZwI4Ct77E'), (u'track', u'a,the,i,you,u'), (u'language', u'en')]
2015-11-28 23:13:09,250 - oauthlib.oauth1.rfc5849 - DEBUG - Normalized params: delimited=length&language=en&oauth_consumer_key=7zKulgQh8LNKDk6uv95LGJU9l&oauth_nonce=84590557732025747621448712789&oauth_signature_method=HMAC-SHA1&oauth_timestamp=1448712789&oauth_token=149939938-Meyglx1MDT9XQZttB2bSyVrcVtGlBtiZwI4Ct77E&oauth_version=1.0&track=a%2Cthe%2Ci%2Cyou%2Cu
2015-11-28 23:13:09,250 - oauthlib.oauth1.rfc5849 - DEBUG - Normalized URI: https://stream.twitter.com/1.1/statuses/filter.json
2015-11-28 23:13:09,250 - oauthlib.oauth1.rfc5849 - DEBUG - Base signing string: POST&https%3A%2F%2Fstream.twitter.com%2F1.1%2Fstatuses%2Ffilter.json&delimited%3Dlength%26language%3Den%26oauth_consumer_key%3D7zKulgQh8LNKDk6uv95LGJU9l%26oauth_nonce%3D84590557732025747621448712789%26oauth_signature_method%3DHMAC-SHA1%26oauth_timestamp%3D1448712789%26oauth_token%3D149939938-Meyglx1MDT9XQZttB2bSyVrcVtGlBtiZwI4Ct77E%26oauth_version%3D1.0%26track%3Da%252Cthe%252Ci%252Cyou%252Cu
2015-11-28 23:13:09,250 - oauthlib.oauth1.rfc5849 - DEBUG - Signature: 9nnC7TbQ222UDb/VslYx6LX7nSo=
2015-11-28 23:13:09,251 - requests_oauthlib.oauth1_auth - DEBUG - Updated url: https://stream.twitter.com/1.1/statuses/filter.json?delimited=length
2015-11-28 23:13:09,251 - requests_oauthlib.oauth1_auth - DEBUG - Updated headers: {u'Content-Length': u'39', u'Content-Type': u'application/x-www-form-urlencoded', u'Authorization': u'OAuth oauth_nonce="84590557732025747621448712789", oauth_timestamp="1448712789", oauth_version="1.0", oauth_signature_method="HMAC-SHA1", oauth_consumer_key="7zKulgQh8LNKDk6uv95LGJU9l", oauth_token="149939938-Meyglx1MDT9XQZttB2bSyVrcVtGlBtiZwI4Ct77E", oauth_signature="9nnC7TbQ222UDb%2FVslYx6LX7nSo%3D"'}
2015-11-28 23:13:09,251 - requests_oauthlib.oauth1_auth - DEBUG - Updated body: u'track=a%2Cthe%2Ci%2Cyou%2Cu&language=en'
2015-11-28 23:13:09,251 - requests.packages.urllib3.connectionpool - INFO - Starting new HTTPS connection (2): stream.twitter.com
2015-11-28 23:13:10,722 - requests.packages.urllib3.connectionpool - DEBUG - "POST /1.1/statuses/filter.json?delimited=length HTTP/1.1" 200 None
